2026-02-03 11:17:24 [link2chrome] ERROR: Tool browser_get_state 执行异常
Traceback (most recent call last):
  File "/Users/zhangyu/PycharmProjects/Link2Chrome/server/main.py", line 336, in call_tool
    result = await tool_get_state(arguments)
             ^^^^^^^^^^^^^^^^^^^^^^^^^^^^^^^
  File "/Users/zhangyu/PycharmProjects/Link2Chrome/server/main.py", line 412, in tool_get_state
    info = await ws_manager.send_command("get_info")
           ^^^^^^^^^^^^^^^^^^^^^^^^^^^^^^^^^^^^^^^^^
  File "/Users/zhangyu/PycharmProjects/Link2Chrome/server/ws_manager.py", line 105, in send_command
    raise RuntimeError(
RuntimeError: Extension 执行失败: 没有找到可调试的标签页 (excluded=1827095699,1827095718, targetTabId=null)
2026-02-03 11:17:24 [link2chrome] ERROR: 操作失败 [browser_get_state]: 执行出错: Extension 执行失败: 没有找到可调试的标签页 (excluded=1827095699,1827095718, targetTabId=null)
2026-02-03 11:17:37 [link2chrome] ERROR: Tool browser_get_state 执行异常
Traceback (most recent call last):
  File "/Users/zhangyu/PycharmProjects/Link2Chrome/server/main.py", line 336, in call_tool
    result = await tool_get_state(arguments)
             ^^^^^^^^^^^^^^^^^^^^^^^^^^^^^^^
  File "/Users/zhangyu/PycharmProjects/Link2Chrome/server/main.py", line 412, in tool_get_state
    info = await ws_manager.send_command("get_info")
           ^^^^^^^^^^^^^^^^^^^^^^^^^^^^^^^^^^^^^^^^^
  File "/Users/zhangyu/PycharmProjects/Link2Chrome/server/ws_manager.py", line 105, in send_command
    raise RuntimeError(
RuntimeError: Extension 执行失败: 没有找到可调试的标签页 (excluded=1827095724,1827095699,1827095718,1827095721, targetTabId=null)
2026-02-03 11:17:37 [link2chrome] ERROR: 操作失败 [browser_get_state]: 执行出错: Extension 执行失败: 没有找到可调试的标签页 (excluded=1827095724,1827095699,1827095718,1827095721, targetTabId=null)
2026-02-03 11:17:51 [link2chrome] ERROR: Tool browser_get_state 执行异常
Traceback (most recent call last):
  File "/Users/zhangyu/PycharmProjects/Link2Chrome/server/main.py", line 336, in call_tool
    result = await tool_get_state(arguments)
             ^^^^^^^^^^^^^^^^^^^^^^^^^^^^^^^
  File "/Users/zhangyu/PycharmProjects/Link2Chrome/server/main.py", line 412, in tool_get_state
    info = await ws_manager.send_command("get_info")
           ^^^^^^^^^^^^^^^^^^^^^^^^^^^^^^^^^^^^^^^^^
  File "/Users/zhangyu/PycharmProjects/Link2Chrome/server/ws_manager.py", line 105, in send_command
    raise RuntimeError(
RuntimeError: Extension 执行失败: 没有找到可调试的标签页 (excluded=1827095724,1827095699,1827095718,1827095721, targetTabId=null)
2026-02-03 11:17:51 [link2chrome] ERROR: 操作失败 [browser_get_state]: 执行出错: Extension 执行失败: 没有找到可调试的标签页 (excluded=1827095724,1827095699,1827095718,1827095721, targetTabId=null)
2026-02-03 11:18:08 [link2chrome] ERROR: Tool browser_get_state 执行异常
Traceback (most recent call last):
  File "/Users/zhangyu/PycharmProjects/Link2Chrome/server/main.py", line 336, in call_tool
    result = await tool_get_state(arguments)
             ^^^^^^^^^^^^^^^^^^^^^^^^^^^^^^^
  File "/Users/zhangyu/PycharmProjects/Link2Chrome/server/main.py", line 412, in tool_get_state
    info = await ws_manager.send_command("get_info")
           ^^^^^^^^^^^^^^^^^^^^^^^^^^^^^^^^^^^^^^^^^
  File "/Users/zhangyu/PycharmProjects/Link2Chrome/server/ws_manager.py", line 105, in send_command
    raise RuntimeError(
RuntimeError: Extension 执行失败: 没有找到可调试的标签页 (excluded=1827095724,1827095699,1827095718,1827095721, targetTabId=null)
2026-02-03 11:18:08 [link2chrome] ERROR: 操作失败 [browser_get_state]: 执行出错: Extension 执行失败: 没有找到可调试的标签页 (excluded=1827095724,1827095699,1827095718,1827095721, targetTabId=null)
2026-02-03 11:18:41 [link2chrome] ERROR: Tool browser_get_state 执行异常
Traceback (most recent call last):
  File "/Users/zhangyu/PycharmProjects/Link2Chrome/server/main.py", line 336, in call_tool
    result = await tool_get_state(arguments)
             ^^^^^^^^^^^^^^^^^^^^^^^^^^^^^^^
  File "/Users/zhangyu/PycharmProjects/Link2Chrome/server/main.py", line 412, in tool_get_state
    info = await ws_manager.send_command("get_info")
           ^^^^^^^^^^^^^^^^^^^^^^^^^^^^^^^^^^^^^^^^^
  File "/Users/zhangyu/PycharmProjects/Link2Chrome/server/ws_manager.py", line 105, in send_command
    raise RuntimeError(
RuntimeError: Extension 执行失败: 没有找到可调试的标签页 (excluded=1827095728,1827095699,1827095718,1827095721, targetTabId=null)
2026-02-03 11:18:41 [link2chrome] ERROR: 操作失败 [browser_get_state]: 执行出错: Extension 执行失败: 没有找到可调试的标签页 (excluded=1827095728,1827095699,1827095718,1827095721, targetTabId=null)
2026-02-03 11:19:02 [link2chrome] ERROR: Tool browser_get_state 执行异常
Traceback (most recent call last):
  File "/Users/zhangyu/PycharmProjects/Link2Chrome/server/main.py", line 336, in call_tool
    result = await tool_get_state(arguments)
             ^^^^^^^^^^^^^^^^^^^^^^^^^^^^^^^
  File "/Users/zhangyu/PycharmProjects/Link2Chrome/server/main.py", line 412, in tool_get_state
    info = await ws_manager.send_command("get_info")
           ^^^^^^^^^^^^^^^^^^^^^^^^^^^^^^^^^^^^^^^^^
  File "/Users/zhangyu/PycharmProjects/Link2Chrome/server/ws_manager.py", line 105, in send_command
    raise RuntimeError(
RuntimeError: Extension 执行失败: 没有找到可调试的标签页 (excluded=1827095728,1827095699,1827095718,1827095721, targetTabId=null)
2026-02-03 11:19:02 [link2chrome] ERROR: 操作失败 [browser_get_state]: 执行出错: Extension 执行失败: 没有找到可调试的标签页 (excluded=1827095728,1827095699,1827095718,1827095721, targetTabId=null)
2026-02-03 11:26:50 [link2chrome] ERROR: Tool browser_get_state 执行异常
Traceback (most recent call last):
  File "/Users/zhangyu/PycharmProjects/Link2Chrome/server/main.py", line 336, in call_tool
    result = await tool_get_state(arguments)
             ^^^^^^^^^^^^^^^^^^^^^^^^^^^^^^^
  File "/Users/zhangyu/PycharmProjects/Link2Chrome/server/main.py", line 412, in tool_get_state
    info = await ws_manager.send_command("get_info")
           ^^^^^^^^^^^^^^^^^^^^^^^^^^^^^^^^^^^^^^^^^
  File "/Users/zhangyu/PycharmProjects/Link2Chrome/server/ws_manager.py", line 105, in send_command
    raise RuntimeError(
RuntimeError: Extension 执行失败: 没有找到可调试的标签页 (excluded=1827095699,1827095718,1827095721, targetTabId=null, 总共 5 个标签页)
2026-02-03 11:26:50 [link2chrome] ERROR: 操作失败 [browser_get_state]: 执行出错: Extension 执行失败: 没有找到可调试的标签页 (excluded=1827095699,1827095718,1827095721, targetTabId=null, 总共 5 个标签页)
2026-02-03 11:26:59 [link2chrome] ERROR: Tool browser_get_state 执行异常
Traceback (most recent call last):
  File "/Users/zhangyu/PycharmProjects/Link2Chrome/server/main.py", line 336, in call_tool
    result = await tool_get_state(arguments)
             ^^^^^^^^^^^^^^^^^^^^^^^^^^^^^^^
  File "/Users/zhangyu/PycharmProjects/Link2Chrome/server/main.py", line 412, in tool_get_state
    info = await ws_manager.send_command("get_info")
           ^^^^^^^^^^^^^^^^^^^^^^^^^^^^^^^^^^^^^^^^^
  File "/Users/zhangyu/PycharmProjects/Link2Chrome/server/ws_manager.py", line 105, in send_command
    raise RuntimeError(
RuntimeError: Extension 执行失败: 没有找到可调试的标签页 (excluded=1827095699,1827095718,1827095721, targetTabId=null, 总共 5 个标签页)
2026-02-03 11:26:59 [link2chrome] ERROR: 操作失败 [browser_get_state]: 执行出错: Extension 执行失败: 没有找到可调试的标签页 (excluded=1827095699,1827095718,1827095721, targetTabId=null, 总共 5 个标签页)
2026-02-03 11:27:03 [link2chrome] ERROR: Tool browser_action_vision 执行异常
Traceback (most recent call last):
  File "/Users/zhangyu/PycharmProjects/Link2Chrome/server/main.py", line 338, in call_tool
    result = await tool_action_vision(arguments)
             ^^^^^^^^^^^^^^^^^^^^^^^^^^^^^^^^^^^
  File "/Users/zhangyu/PycharmProjects/Link2Chrome/server/main.py", line 458, in tool_action_vision
    info = await ws_manager.send_command("get_info")
           ^^^^^^^^^^^^^^^^^^^^^^^^^^^^^^^^^^^^^^^^^
  File "/Users/zhangyu/PycharmProjects/Link2Chrome/server/ws_manager.py", line 105, in send_command
    raise RuntimeError(
RuntimeError: Extension 执行失败: 没有找到可调试的标签页 (excluded=1827095699,1827095718,1827095721, targetTabId=null, 总共 5 个标签页)
2026-02-03 11:27:03 [link2chrome] ERROR: 操作失败 [browser_action_vision]: 执行出错: Extension 执行失败: 没有找到可调试的标签页 (excluded=1827095699,1827095718,1827095721, targetTabId=null, 总共 5 个标签页)
2026-02-03 11:27:27 [link2chrome] ERROR: Tool browser_get_state 执行异常
Traceback (most recent call last):
  File "/Users/zhangyu/PycharmProjects/Link2Chrome/server/main.py", line 336, in call_tool
    result = await tool_get_state(arguments)
             ^^^^^^^^^^^^^^^^^^^^^^^^^^^^^^^
  File "/Users/zhangyu/PycharmProjects/Link2Chrome/server/main.py", line 412, in tool_get_state
    info = await ws_manager.send_command("get_info")
           ^^^^^^^^^^^^^^^^^^^^^^^^^^^^^^^^^^^^^^^^^
  File "/Users/zhangyu/PycharmProjects/Link2Chrome/server/ws_manager.py", line 105, in send_command
    raise RuntimeError(
RuntimeError: Extension 执行失败: 没有找到可调试的标签页 (excluded=1827095699,1827095718,1827095721, targetTabId=null, 总共 5 个标签页)
2026-02-03 11:27:27 [link2chrome] ERROR: 操作失败 [browser_get_state]: 执行出错: Extension 执行失败: 没有找到可调试的标签页 (excluded=1827095699,1827095718,1827095721, targetTabId=null, 总共 5 个标签页)
2026-02-03 11:38:13 [link2chrome] ERROR: Tool browser_action_vision 执行异常
Traceback (most recent call last):
  File "/Users/zhangyu/PycharmProjects/Link2Chrome/server/main.py", line 338, in call_tool
    result = await tool_action_vision(arguments)
             ^^^^^^^^^^^^^^^^^^^^^^^^^^^^^^^^^^^
  File "/Users/zhangyu/PycharmProjects/Link2Chrome/server/main.py", line 458, in tool_action_vision
    info = await ws_manager.send_command("get_info")
           ^^^^^^^^^^^^^^^^^^^^^^^^^^^^^^^^^^^^^^^^^
  File "/Users/zhangyu/PycharmProjects/Link2Chrome/server/ws_manager.py", line 105, in send_command
    raise RuntimeError(
RuntimeError: Extension 执行失败: 没有找到可调试的标签页 (excluded=1827095704,1827095699,1827095718,1827095721, targetTabId=null, 总共 5 个标签页)
2026-02-03 11:38:13 [link2chrome] ERROR: 操作失败 [browser_action_vision]: 执行出错: Extension 执行失败: 没有找到可调试的标签页 (excluded=1827095704,1827095699,1827095718,1827095721, targetTabId=null, 总共 5 个标签页)
2026-02-03 11:38:29 [link2chrome] ERROR: Tool browser_get_state 执行异常
Traceback (most recent call last):
  File "/Users/zhangyu/PycharmProjects/Link2Chrome/server/main.py", line 336, in call_tool
    result = await tool_get_state(arguments)
             ^^^^^^^^^^^^^^^^^^^^^^^^^^^^^^^
  File "/Users/zhangyu/PycharmProjects/Link2Chrome/server/main.py", line 412, in tool_get_state
    info = await ws_manager.send_command("get_info")
           ^^^^^^^^^^^^^^^^^^^^^^^^^^^^^^^^^^^^^^^^^
  File "/Users/zhangyu/PycharmProjects/Link2Chrome/server/ws_manager.py", line 105, in send_command
    raise RuntimeError(
RuntimeError: Extension 执行失败: 没有找到可调试的标签页 (excluded=1827095704,1827095699,1827095718,1827095721, targetTabId=null, 总共 5 个标签页)
2026-02-03 11:38:29 [link2chrome] ERROR: 操作失败 [browser_get_state]: 执行出错: Extension 执行失败: 没有找到可调试的标签页 (excluded=1827095704,1827095699,1827095718,1827095721, targetTabId=null, 总共 5 个标签页)
2026-02-03 12:47:39 [link2chrome] ERROR: Tool browser_get_state 执行异常
Traceback (most recent call last):
  File "/Users/zhangyu/PycharmProjects/Link2Chrome/server/main.py", line 336, in call_tool
    result = await tool_get_state(arguments)
             ^^^^^^^^^^^^^^^^^^^^^^^^^^^^^^^
  File "/Users/zhangyu/PycharmProjects/Link2Chrome/server/main.py", line 412, in tool_get_state
    info = await ws_manager.send_command("get_info")
           ^^^^^^^^^^^^^^^^^^^^^^^^^^^^^^^^^^^^^^^^^
  File "/Users/zhangyu/PycharmProjects/Link2Chrome/server/ws_manager.py", line 105, in send_command
    raise RuntimeError(
RuntimeError: Extension 执行失败: 调试器附加失败: 尝试了 5 个标签页均不可调试。失败 IDs: [1827095699, 1827095718, 1827095721, 1827095753, 1827095737]
2026-02-03 12:47:39 [link2chrome] ERROR: 操作失败 [browser_get_state]: 执行出错: Extension 执行失败: 调试器附加失败: 尝试了 5 个标签页均不可调试。失败 IDs: [1827095699, 1827095718, 1827095721, 1827095753, 1827095737]
2026-02-03 12:48:06 [link2chrome] ERROR: Tool browser_get_state 执行异常
Traceback (most recent call last):
  File "/Users/zhangyu/PycharmProjects/Link2Chrome/server/main.py", line 336, in call_tool
    result = await tool_get_state(arguments)
             ^^^^^^^^^^^^^^^^^^^^^^^^^^^^^^^
  File "/Users/zhangyu/PycharmProjects/Link2Chrome/server/main.py", line 412, in tool_get_state
    info = await ws_manager.send_command("get_info")
           ^^^^^^^^^^^^^^^^^^^^^^^^^^^^^^^^^^^^^^^^^
  File "/Users/zhangyu/PycharmProjects/Link2Chrome/server/ws_manager.py", line 105, in send_command
    raise RuntimeError(
RuntimeError: Extension 执行失败: 调试器附加失败: 尝试了 5 个标签页均不可调试。失败 IDs: [1827095699, 1827095718, 1827095721, 1827095753, 1827095737]
2026-02-03 12:48:06 [link2chrome] ERROR: 操作失败 [browser_get_state]: 执行出错: Extension 执行失败: 调试器附加失败: 尝试了 5 个标签页均不可调试。失败 IDs: [1827095699, 1827095718, 1827095721, 1827095753, 1827095737]
2026-02-03 12:48:13 [link2chrome] ERROR: Tool browser_get_state 执行异常
Traceback (most recent call last):
  File "/Users/zhangyu/PycharmProjects/Link2Chrome/server/main.py", line 336, in call_tool
    result = await tool_get_state(arguments)
             ^^^^^^^^^^^^^^^^^^^^^^^^^^^^^^^
  File "/Users/zhangyu/PycharmProjects/Link2Chrome/server/main.py", line 412, in tool_get_state
    info = await ws_manager.send_command("get_info")
           ^^^^^^^^^^^^^^^^^^^^^^^^^^^^^^^^^^^^^^^^^
  File "/Users/zhangyu/PycharmProjects/Link2Chrome/server/ws_manager.py", line 105, in send_command
    raise RuntimeError(
RuntimeError: Extension 执行失败: 调试器附加失败: 尝试了 5 个标签页均不可调试。失败 IDs: [1827095699, 1827095718, 1827095721, 1827095753, 1827095737]
2026-02-03 12:48:13 [link2chrome] ERROR: 操作失败 [browser_get_state]: 执行出错: Extension 执行失败: 调试器附加失败: 尝试了 5 个标签页均不可调试。失败 IDs: [1827095699, 1827095718, 1827095721, 1827095753, 1827095737]
2026-02-03 12:48:16 [link2chrome] ERROR: Tool browser_action_vision 执行异常
Traceback (most recent call last):
  File "/Users/zhangyu/PycharmProjects/Link2Chrome/server/main.py", line 338, in call_tool
    result = await tool_action_vision(arguments)
             ^^^^^^^^^^^^^^^^^^^^^^^^^^^^^^^^^^^
  File "/Users/zhangyu/PycharmProjects/Link2Chrome/server/main.py", line 458, in tool_action_vision
    info = await ws_manager.send_command("get_info")
           ^^^^^^^^^^^^^^^^^^^^^^^^^^^^^^^^^^^^^^^^^
  File "/Users/zhangyu/PycharmProjects/Link2Chrome/server/ws_manager.py", line 105, in send_command
    raise RuntimeError(
RuntimeError: Extension 执行失败: 调试器附加失败: 尝试了 5 个标签页均不可调试。失败 IDs: [1827095699, 1827095718, 1827095721, 1827095753, 1827095737]
2026-02-03 12:48:16 [link2chrome] ERROR: 操作失败 [browser_action_vision]: 执行出错: Extension 执行失败: 调试器附加失败: 尝试了 5 个标签页均不可调试。失败 IDs: [1827095699, 1827095718, 1827095721, 1827095753, 1827095737]
2026-02-03 12:48:29 [link2chrome] ERROR: Tool browser_get_state 执行异常
Traceback (most recent call last):
  File "/Users/zhangyu/PycharmProjects/Link2Chrome/server/main.py", line 336, in call_tool
    result = await tool_get_state(arguments)
             ^^^^^^^^^^^^^^^^^^^^^^^^^^^^^^^
  File "/Users/zhangyu/PycharmProjects/Link2Chrome/server/main.py", line 412, in tool_get_state
    info = await ws_manager.send_command("get_info")
           ^^^^^^^^^^^^^^^^^^^^^^^^^^^^^^^^^^^^^^^^^
  File "/Users/zhangyu/PycharmProjects/Link2Chrome/server/ws_manager.py", line 105, in send_command
    raise RuntimeError(
RuntimeError: Extension 执行失败: 调试器附加失败: 尝试了 5 个标签页均不可调试。失败 IDs: [1827095699, 1827095718, 1827095721, 1827095753, 1827095737]
2026-02-03 12:48:29 [link2chrome] ERROR: 操作失败 [browser_get_state]: 执行出错: Extension 执行失败: 调试器附加失败: 尝试了 5 个标签页均不可调试。失败 IDs: [1827095699, 1827095718, 1827095721, 1827095753, 1827095737]
2026-02-03 12:48:33 [link2chrome] ERROR: Tool browser_get_state 执行异常
Traceback (most recent call last):
  File "/Users/zhangyu/PycharmProjects/Link2Chrome/server/main.py", line 336, in call_tool
    result = await tool_get_state(arguments)
             ^^^^^^^^^^^^^^^^^^^^^^^^^^^^^^^
  File "/Users/zhangyu/PycharmProjects/Link2Chrome/server/main.py", line 412, in tool_get_state
    info = await ws_manager.send_command("get_info")
           ^^^^^^^^^^^^^^^^^^^^^^^^^^^^^^^^^^^^^^^^^
  File "/Users/zhangyu/PycharmProjects/Link2Chrome/server/ws_manager.py", line 105, in send_command
    raise RuntimeError(
RuntimeError: Extension 执行失败: 调试器附加失败: 尝试了 5 个标签页均不可调试。失败 IDs: [1827095699, 1827095718, 1827095721, 1827095753, 1827095737]
2026-02-03 12:48:33 [link2chrome] ERROR: 操作失败 [browser_get_state]: 执行出错: Extension 执行失败: 调试器附加失败: 尝试了 5 个标签页均不可调试。失败 IDs: [1827095699, 1827095718, 1827095721, 1827095753, 1827095737]
2026-02-03 12:54:40 [link2chrome] ERROR: Tool browser_get_state 执行异常
Traceback (most recent call last):
  File "/Users/zhangyu/PycharmProjects/Link2Chrome/server/main.py", line 336, in call_tool
    result = await tool_get_state(arguments)
             ^^^^^^^^^^^^^^^^^^^^^^^^^^^^^^^
  File "/Users/zhangyu/PycharmProjects/Link2Chrome/server/main.py", line 412, in tool_get_state
    info = await ws_manager.send_command("get_info")
           ^^^^^^^^^^^^^^^^^^^^^^^^^^^^^^^^^^^^^^^^^
  File "/Users/zhangyu/PycharmProjects/Link2Chrome/server/ws_manager.py", line 105, in send_command
    raise RuntimeError(
RuntimeError: Extension 执行失败: Debugger attach 失败 (tab=1827095846, url=https://x.com/vista8): Another debugger is already attached to the tab with id: 1827095846.
2026-02-03 12:54:40 [link2chrome] ERROR: 操作失败 [browser_get_state]: 执行出错: Extension 执行失败: Debugger attach 失败 (tab=1827095846, url=https://x.com/vista8): Another debugger is already attached to the tab with id: 1827095846.
2026-02-03 12:54:42 [link2chrome] ERROR: Tool browser_action_vision 执行异常
Traceback (most recent call last):
  File "/Users/zhangyu/PycharmProjects/Link2Chrome/server/main.py", line 338, in call_tool
    result = await tool_action_vision(arguments)
             ^^^^^^^^^^^^^^^^^^^^^^^^^^^^^^^^^^^
  File "/Users/zhangyu/PycharmProjects/Link2Chrome/server/main.py", line 458, in tool_action_vision
    info = await ws_manager.send_command("get_info")
           ^^^^^^^^^^^^^^^^^^^^^^^^^^^^^^^^^^^^^^^^^
  File "/Users/zhangyu/PycharmProjects/Link2Chrome/server/ws_manager.py", line 105, in send_command
    raise RuntimeError(
RuntimeError: Extension 执行失败: Debugger attach 失败 (tab=1827095846, url=https://x.com/vista8): Another debugger is already attached to the tab with id: 1827095846.
2026-02-03 12:54:42 [link2chrome] ERROR: 操作失败 [browser_action_vision]: 执行出错: Extension 执行失败: Debugger attach 失败 (tab=1827095846, url=https://x.com/vista8): Another debugger is already attached to the tab with id: 1827095846.
2026-02-03 12:54:47 [link2chrome] ERROR: Tool browser_manage_tab 连接错误: Chrome Extension 未连接。请确保扩展已加载并启用。
2026-02-03 12:54:47 [link2chrome] ERROR: 操作失败 [browser_manage_tab]: 浏览器未连接: Chrome Extension 未连接。请确保扩展已加载并启用。
2026-02-03 12:55:23 [link2chrome] ERROR: Tool browser_action_navigate 连接错误: Chrome Extension 未连接。请确保扩展已加载并启用。
2026-02-03 12:55:23 [link2chrome] ERROR: 操作失败 [browser_action_navigate]: 浏览器未连接: Chrome Extension 未连接。请确保扩展已加载并启用。
2026-02-03 13:00:12 [link2chrome] ERROR: Tool browser_get_state 执行异常
Traceback (most recent call last):
  File "/Users/zhangyu/PycharmProjects/Link2Chrome/server/main.py", line 336, in call_tool
    result = await tool_get_state(arguments)
             ^^^^^^^^^^^^^^^^^^^^^^^^^^^^^^^
  File "/Users/zhangyu/PycharmProjects/Link2Chrome/server/main.py", line 412, in tool_get_state
    info = await ws_manager.send_command("get_info")
           ^^^^^^^^^^^^^^^^^^^^^^^^^^^^^^^^^^^^^^^^^
  File "/Users/zhangyu/PycharmProjects/Link2Chrome/server/ws_manager.py", line 105, in send_command
    raise RuntimeError(
RuntimeError: Extension 执行失败: Debugger attach 失败 (tab=1827095886, url=https://x.com/vista8): Another debugger is already attached to the tab with id: 1827095886.
2026-02-03 13:00:12 [link2chrome] ERROR: 操作失败 [browser_get_state]: 执行出错: Extension 执行失败: Debugger attach 失败 (tab=1827095886, url=https://x.com/vista8): Another debugger is already attached to the tab with id: 1827095886.
2026-02-03 13:00:18 [link2chrome] ERROR: Tool browser_get_state 执行异常
Traceback (most recent call last):
  File "/Users/zhangyu/PycharmProjects/Link2Chrome/server/main.py", line 336, in call_tool
    result = await tool_get_state(arguments)
             ^^^^^^^^^^^^^^^^^^^^^^^^^^^^^^^
  File "/Users/zhangyu/PycharmProjects/Link2Chrome/server/main.py", line 412, in tool_get_state
    info = await ws_manager.send_command("get_info")
           ^^^^^^^^^^^^^^^^^^^^^^^^^^^^^^^^^^^^^^^^^
  File "/Users/zhangyu/PycharmProjects/Link2Chrome/server/ws_manager.py", line 105, in send_command
    raise RuntimeError(
RuntimeError: Extension 执行失败: Debugger attach 失败 (tab=1827095886, url=https://x.com/vista8): Another debugger is already attached to the tab with id: 1827095886.
2026-02-03 13:00:18 [link2chrome] ERROR: 操作失败 [browser_get_state]: 执行出错: Extension 执行失败: Debugger attach 失败 (tab=1827095886, url=https://x.com/vista8): Another debugger is already attached to the tab with id: 1827095886.
2026-02-03 13:54:36 [link2chrome] ERROR: Tool browser_action_navigate 连接错误: Chrome Extension 未连接。请确保扩展已加载并启用。
2026-02-03 13:54:36 [link2chrome] ERROR: 操作失败 [browser_action_navigate]: 浏览器未连接: Chrome Extension 未连接。请确保扩展已加载并启用。
2026-02-03 13:55:48 [link2chrome] ERROR: Tool browser_get_state 执行异常
Traceback (most recent call last):
  File "/Users/zhangyu/PycharmProjects/Link2Chrome/server/main.py", line 336, in call_tool
    result = await tool_get_state(arguments)
             ^^^^^^^^^^^^^^^^^^^^^^^^^^^^^^^
  File "/Users/zhangyu/PycharmProjects/Link2Chrome/server/main.py", line 412, in tool_get_state
    info = await ws_manager.send_command("get_info")
           ^^^^^^^^^^^^^^^^^^^^^^^^^^^^^^^^^^^^^^^^^
  File "/Users/zhangyu/PycharmProjects/Link2Chrome/server/ws_manager.py", line 105, in send_command
    raise RuntimeError(
RuntimeError: Extension 执行失败: Debugger attach 失败 (tab=1827096032, url=https://x.com/vista8): Another debugger is already attached to the tab with id: 1827096032.
2026-02-03 13:55:48 [link2chrome] ERROR: 操作失败 [browser_get_state]: 执行出错: Extension 执行失败: Debugger attach 失败 (tab=1827096032, url=https://x.com/vista8): Another debugger is already attached to the tab with id: 1827096032.
