2026-02-03 11:11:29 [link2chrome] INFO: ============================================================
2026-02-03 11:11:29 [link2chrome] INFO: Link2Chrome 日志系统已启动
2026-02-03 11:11:29 [link2chrome] INFO: 日志目录: /Users/zhangyu/PycharmProjects/Link2Chrome/logs
2026-02-03 11:11:29 [link2chrome] INFO: 主日志文件: /Users/zhangyu/PycharmProjects/Link2Chrome/logs/link2chrome_2026-02-03.log
2026-02-03 11:11:29 [link2chrome] INFO: 错误日志文件: /Users/zhangyu/PycharmProjects/Link2Chrome/logs/link2chrome_error_2026-02-03.log
2026-02-03 11:11:29 [link2chrome] INFO: 日志级别: INFO
2026-02-03 11:11:29 [link2chrome] INFO: ============================================================
2026-02-03 11:11:45 [link2chrome] INFO: ============================================================
2026-02-03 11:11:45 [link2chrome] INFO: Link2Chrome 日志系统已启动
2026-02-03 11:11:45 [link2chrome] INFO: 日志目录: /Users/zhangyu/PycharmProjects/Link2Chrome/logs
2026-02-03 11:11:45 [link2chrome] INFO: 主日志文件: /Users/zhangyu/PycharmProjects/Link2Chrome/logs/link2chrome_2026-02-03.log
2026-02-03 11:11:45 [link2chrome] INFO: 错误日志文件: /Users/zhangyu/PycharmProjects/Link2Chrome/logs/link2chrome_error_2026-02-03.log
2026-02-03 11:11:45 [link2chrome] INFO: 日志级别: INFO
2026-02-03 11:11:45 [link2chrome] INFO: ============================================================
2026-02-03 11:12:09 [link2chrome] INFO: ============================================================
2026-02-03 11:12:09 [link2chrome] INFO: Link2Chrome 日志系统已启动
2026-02-03 11:12:09 [link2chrome] INFO: 日志目录: /Users/zhangyu/PycharmProjects/Link2Chrome/logs
2026-02-03 11:12:09 [link2chrome] INFO: 主日志文件: /Users/zhangyu/PycharmProjects/Link2Chrome/logs/link2chrome_2026-02-03.log
2026-02-03 11:12:09 [link2chrome] INFO: 错误日志文件: /Users/zhangyu/PycharmProjects/Link2Chrome/logs/link2chrome_error_2026-02-03.log
2026-02-03 11:12:09 [link2chrome] INFO: 日志级别: INFO
2026-02-03 11:12:09 [link2chrome] INFO: ============================================================
2026-02-03 11:12:13 [link2chrome] INFO: ============================================================
2026-02-03 11:12:13 [link2chrome] INFO: Link2Chrome 日志系统已启动
2026-02-03 11:12:13 [link2chrome] INFO: 日志目录: /Users/zhangyu/PycharmProjects/Link2Chrome/logs
2026-02-03 11:12:13 [link2chrome] INFO: 主日志文件: /Users/zhangyu/PycharmProjects/Link2Chrome/logs/link2chrome_2026-02-03.log
2026-02-03 11:12:13 [link2chrome] INFO: 错误日志文件: /Users/zhangyu/PycharmProjects/Link2Chrome/logs/link2chrome_error_2026-02-03.log
2026-02-03 11:12:13 [link2chrome] INFO: 日志级别: INFO
2026-02-03 11:12:13 [link2chrome] INFO: ============================================================
2026-02-03 11:13:01 [link2chrome] INFO: ============================================================
2026-02-03 11:13:01 [link2chrome] INFO: Link2Chrome 日志系统已启动
2026-02-03 11:13:01 [link2chrome] INFO: 日志目录: /Users/zhangyu/PycharmProjects/Link2Chrome/logs
2026-02-03 11:13:01 [link2chrome] INFO: 主日志文件: /Users/zhangyu/PycharmProjects/Link2Chrome/logs/link2chrome_2026-02-03.log
2026-02-03 11:13:01 [link2chrome] INFO: 错误日志文件: /Users/zhangyu/PycharmProjects/Link2Chrome/logs/link2chrome_error_2026-02-03.log
2026-02-03 11:13:01 [link2chrome] INFO: 日志级别: INFO
2026-02-03 11:13:01 [link2chrome] INFO: ============================================================
2026-02-03 11:13:10 [link2chrome] INFO: ============================================================
2026-02-03 11:13:10 [link2chrome] INFO: Link2Chrome 日志系统已启动
2026-02-03 11:13:10 [link2chrome] INFO: 日志目录: /Users/zhangyu/PycharmProjects/Link2Chrome/logs
2026-02-03 11:13:10 [link2chrome] INFO: 主日志文件: /Users/zhangyu/PycharmProjects/Link2Chrome/logs/link2chrome_2026-02-03.log
2026-02-03 11:13:10 [link2chrome] INFO: 错误日志文件: /Users/zhangyu/PycharmProjects/Link2Chrome/logs/link2chrome_error_2026-02-03.log
2026-02-03 11:13:10 [link2chrome] INFO: 日志级别: INFO
2026-02-03 11:13:10 [link2chrome] INFO: ============================================================
2026-02-03 11:15:17 [link2chrome] INFO: ============================================================
2026-02-03 11:15:17 [link2chrome] INFO: Link2Chrome 日志系统已启动
2026-02-03 11:15:17 [link2chrome] INFO: 日志目录: /Users/zhangyu/PycharmProjects/Link2Chrome/logs
2026-02-03 11:15:17 [link2chrome] INFO: 主日志文件: /Users/zhangyu/PycharmProjects/Link2Chrome/logs/link2chrome_2026-02-03.log
2026-02-03 11:15:17 [link2chrome] INFO: 错误日志文件: /Users/zhangyu/PycharmProjects/Link2Chrome/logs/link2chrome_error_2026-02-03.log
2026-02-03 11:15:17 [link2chrome] INFO: 日志级别: INFO
2026-02-03 11:15:17 [link2chrome] INFO: ============================================================
2026-02-03 11:15:17 [link2chrome.ws] INFO: WebSocket Server 已启动: ws://localhost:8765
2026-02-03 11:15:17 [link2chrome] INFO: 等待 Chrome Extension 连接...
2026-02-03 11:15:35 [link2chrome.ws] INFO: Chrome Extension 已连接: ('::1', 60094, 0, 0)
2026-02-03 11:15:40 [link2chrome.ws] INFO: Extension 连接已清理，取消了 0 个待处理请求
2026-02-03 11:15:40 [link2chrome.ws] INFO: Chrome Extension 已连接: ('::1', 60147, 0, 0)
2026-02-03 11:17:24 [link2chrome] INFO: 调用工具: browser_get_state, 参数: {}
2026-02-03 11:17:24 [link2chrome] ERROR: Tool browser_get_state 执行异常
Traceback (most recent call last):
  File "/Users/zhangyu/PycharmProjects/Link2Chrome/server/main.py", line 336, in call_tool
    result = await tool_get_state(arguments)
             ^^^^^^^^^^^^^^^^^^^^^^^^^^^^^^^
  File "/Users/zhangyu/PycharmProjects/Link2Chrome/server/main.py", line 412, in tool_get_state
    info = await ws_manager.send_command("get_info")
           ^^^^^^^^^^^^^^^^^^^^^^^^^^^^^^^^^^^^^^^^^
  File "/Users/zhangyu/PycharmProjects/Link2Chrome/server/ws_manager.py", line 105, in send_command
    raise RuntimeError(
RuntimeError: Extension 执行失败: 没有找到可调试的标签页 (excluded=1827095699,1827095718, targetTabId=null)
2026-02-03 11:17:24 [link2chrome] ERROR: 操作失败 [browser_get_state]: 执行出错: Extension 执行失败: 没有找到可调试的标签页 (excluded=1827095699,1827095718, targetTabId=null)
2026-02-03 11:17:29 [link2chrome] INFO: 调用工具: browser_manage_tab, 参数: {'action': 'new', 'url': 'https://www.apple.com'}
2026-02-03 11:17:29 [link2chrome] INFO: 操作执行 [browser_manage_tab]: 已创建新标签页 (ID: 1827095724)
2026-02-03 11:17:31 [link2chrome] INFO: 调用工具: browser_wait, 参数: {'seconds': 2}
2026-02-03 11:17:34 [link2chrome] INFO: 操作执行 [browser_wait]: 已等待 2 秒
2026-02-03 11:17:37 [link2chrome] INFO: 调用工具: browser_get_state, 参数: {}
2026-02-03 11:17:37 [link2chrome] ERROR: Tool browser_get_state 执行异常
Traceback (most recent call last):
  File "/Users/zhangyu/PycharmProjects/Link2Chrome/server/main.py", line 336, in call_tool
    result = await tool_get_state(arguments)
             ^^^^^^^^^^^^^^^^^^^^^^^^^^^^^^^
  File "/Users/zhangyu/PycharmProjects/Link2Chrome/server/main.py", line 412, in tool_get_state
    info = await ws_manager.send_command("get_info")
           ^^^^^^^^^^^^^^^^^^^^^^^^^^^^^^^^^^^^^^^^^
  File "/Users/zhangyu/PycharmProjects/Link2Chrome/server/ws_manager.py", line 105, in send_command
    raise RuntimeError(
RuntimeError: Extension 执行失败: 没有找到可调试的标签页 (excluded=1827095724,1827095699,1827095718,1827095721, targetTabId=null)
2026-02-03 11:17:37 [link2chrome] ERROR: 操作失败 [browser_get_state]: 执行出错: Extension 执行失败: 没有找到可调试的标签页 (excluded=1827095724,1827095699,1827095718,1827095721, targetTabId=null)
2026-02-03 11:17:41 [link2chrome] INFO: 调用工具: browser_wait, 参数: {'seconds': 3}
2026-02-03 11:17:44 [link2chrome] INFO: 操作执行 [browser_wait]: 已等待 3 秒
2026-02-03 11:17:51 [link2chrome] INFO: 调用工具: browser_get_state, 参数: {}
2026-02-03 11:17:51 [link2chrome] ERROR: Tool browser_get_state 执行异常
Traceback (most recent call last):
  File "/Users/zhangyu/PycharmProjects/Link2Chrome/server/main.py", line 336, in call_tool
    result = await tool_get_state(arguments)
             ^^^^^^^^^^^^^^^^^^^^^^^^^^^^^^^
  File "/Users/zhangyu/PycharmProjects/Link2Chrome/server/main.py", line 412, in tool_get_state
    info = await ws_manager.send_command("get_info")
           ^^^^^^^^^^^^^^^^^^^^^^^^^^^^^^^^^^^^^^^^^
  File "/Users/zhangyu/PycharmProjects/Link2Chrome/server/ws_manager.py", line 105, in send_command
    raise RuntimeError(
RuntimeError: Extension 执行失败: 没有找到可调试的标签页 (excluded=1827095724,1827095699,1827095718,1827095721, targetTabId=null)
2026-02-03 11:17:51 [link2chrome] ERROR: 操作失败 [browser_get_state]: 执行出错: Extension 执行失败: 没有找到可调试的标签页 (excluded=1827095724,1827095699,1827095718,1827095721, targetTabId=null)
2026-02-03 11:17:54 [link2chrome] INFO: 调用工具: browser_get_tabs, 参数: {}
2026-02-03 11:17:54 [link2chrome] INFO: 操作执行 [browser_get_tabs]: 共 6 个标签页，1 个窗口:
2026-02-03 11:17:58 [link2chrome] INFO: 调用工具: browser_diagnose, 参数: {}
2026-02-03 11:17:58 [link2chrome] INFO: 操作执行 [browser_diagnose]: === Link2Chrome 诊断 ===
2026-02-03 11:18:02 [link2chrome] INFO: 调用工具: browser_action_navigate, 参数: {'url': 'https://www.apple.com/iphone/'}
2026-02-03 11:18:05 [link2chrome] INFO: 操作执行 [browser_action_navigate]: 已导航到: https://www.apple.com/iphone/ (状态: complete)
2026-02-03 11:18:08 [link2chrome] INFO: 调用工具: browser_get_state, 参数: {}
2026-02-03 11:18:08 [link2chrome] ERROR: Tool browser_get_state 执行异常
Traceback (most recent call last):
  File "/Users/zhangyu/PycharmProjects/Link2Chrome/server/main.py", line 336, in call_tool
    result = await tool_get_state(arguments)
             ^^^^^^^^^^^^^^^^^^^^^^^^^^^^^^^
  File "/Users/zhangyu/PycharmProjects/Link2Chrome/server/main.py", line 412, in tool_get_state
    info = await ws_manager.send_command("get_info")
           ^^^^^^^^^^^^^^^^^^^^^^^^^^^^^^^^^^^^^^^^^
  File "/Users/zhangyu/PycharmProjects/Link2Chrome/server/ws_manager.py", line 105, in send_command
    raise RuntimeError(
RuntimeError: Extension 执行失败: 没有找到可调试的标签页 (excluded=1827095724,1827095699,1827095718,1827095721, targetTabId=null)
2026-02-03 11:18:08 [link2chrome] ERROR: 操作失败 [browser_get_state]: 执行出错: Extension 执行失败: 没有找到可调试的标签页 (excluded=1827095724,1827095699,1827095718,1827095721, targetTabId=null)
2026-02-03 11:18:11 [link2chrome] INFO: 调用工具: browser_diagnose, 参数: {}
2026-02-03 11:18:11 [link2chrome] INFO: 操作执行 [browser_diagnose]: === Link2Chrome 诊断 ===
2026-02-03 11:18:14 [link2chrome] INFO: 调用工具: browser_manage_tab, 参数: {'action': 'close', 'tab_index': 5}
2026-02-03 11:18:14 [link2chrome] INFO: 操作执行 [browser_manage_tab]: 已关闭标签页
2026-02-03 11:18:17 [link2chrome] INFO: 调用工具: browser_manage_tab, 参数: {'action': 'new', 'url': 'https://www.apple.com/iphone/'}
2026-02-03 11:18:18 [link2chrome] INFO: 操作执行 [browser_manage_tab]: 已创建新标签页 (ID: 1827095728)
2026-02-03 11:18:20 [link2chrome] INFO: 调用工具: browser_wait, 参数: {'seconds': 3}
2026-02-03 11:18:23 [link2chrome] INFO: 操作执行 [browser_wait]: 已等待 3 秒
2026-02-03 11:18:26 [link2chrome] INFO: 调用工具: browser_diagnose, 参数: {}
2026-02-03 11:18:26 [link2chrome] INFO: 操作执行 [browser_diagnose]: === Link2Chrome 诊断 ===
2026-02-03 11:18:29 [link2chrome] INFO: 调用工具: browser_wait, 参数: {'seconds': 5}
2026-02-03 11:18:34 [link2chrome] INFO: 操作执行 [browser_wait]: 已等待 5 秒
2026-02-03 11:18:38 [link2chrome] INFO: 调用工具: browser_diagnose, 参数: {}
2026-02-03 11:18:38 [link2chrome] INFO: 操作执行 [browser_diagnose]: === Link2Chrome 诊断 ===
2026-02-03 11:18:41 [link2chrome] INFO: 调用工具: browser_get_state, 参数: {}
2026-02-03 11:18:41 [link2chrome] ERROR: Tool browser_get_state 执行异常
Traceback (most recent call last):
  File "/Users/zhangyu/PycharmProjects/Link2Chrome/server/main.py", line 336, in call_tool
    result = await tool_get_state(arguments)
             ^^^^^^^^^^^^^^^^^^^^^^^^^^^^^^^
  File "/Users/zhangyu/PycharmProjects/Link2Chrome/server/main.py", line 412, in tool_get_state
    info = await ws_manager.send_command("get_info")
           ^^^^^^^^^^^^^^^^^^^^^^^^^^^^^^^^^^^^^^^^^
  File "/Users/zhangyu/PycharmProjects/Link2Chrome/server/ws_manager.py", line 105, in send_command
    raise RuntimeError(
RuntimeError: Extension 执行失败: 没有找到可调试的标签页 (excluded=1827095728,1827095699,1827095718,1827095721, targetTabId=null)
2026-02-03 11:18:41 [link2chrome] ERROR: 操作失败 [browser_get_state]: 执行出错: Extension 执行失败: 没有找到可调试的标签页 (excluded=1827095728,1827095699,1827095718,1827095721, targetTabId=null)
2026-02-03 11:18:44 [link2chrome] INFO: 调用工具: browser_manage_tab, 参数: {'action': 'switch', 'tab_index': 1}
2026-02-03 11:18:44 [link2chrome] INFO: 操作执行 [browser_manage_tab]: 已切换到标签页 [1]
2026-02-03 11:18:47 [link2chrome] INFO: 调用工具: browser_get_tabs, 参数: {}
2026-02-03 11:18:47 [link2chrome] INFO: 操作执行 [browser_get_tabs]: 共 6 个标签页，1 个窗口:
2026-02-03 11:18:50 [link2chrome] INFO: 调用工具: browser_manage_tab, 参数: {'action': 'switch', 'tab_index': 5}
2026-02-03 11:18:50 [link2chrome] INFO: 操作执行 [browser_manage_tab]: 已切换到标签页 [5]
2026-02-03 11:18:52 [link2chrome] INFO: 调用工具: browser_diagnose, 参数: {}
2026-02-03 11:18:52 [link2chrome] INFO: 操作执行 [browser_diagnose]: === Link2Chrome 诊断 ===
2026-02-03 11:18:55 [link2chrome] INFO: 调用工具: browser_action_navigate, 参数: {'url': 'https://www.apple.com/iphone/'}
2026-02-03 11:18:57 [link2chrome] INFO: 操作执行 [browser_action_navigate]: 已导航到: https://www.apple.com/iphone/ (状态: complete)
2026-02-03 11:19:00 [link2chrome] INFO: 调用工具: browser_diagnose, 参数: {}
2026-02-03 11:19:00 [link2chrome] INFO: 操作执行 [browser_diagnose]: === Link2Chrome 诊断 ===
2026-02-03 11:19:02 [link2chrome] INFO: 调用工具: browser_get_state, 参数: {}
2026-02-03 11:19:02 [link2chrome] ERROR: Tool browser_get_state 执行异常
Traceback (most recent call last):
  File "/Users/zhangyu/PycharmProjects/Link2Chrome/server/main.py", line 336, in call_tool
    result = await tool_get_state(arguments)
             ^^^^^^^^^^^^^^^^^^^^^^^^^^^^^^^
  File "/Users/zhangyu/PycharmProjects/Link2Chrome/server/main.py", line 412, in tool_get_state
    info = await ws_manager.send_command("get_info")
           ^^^^^^^^^^^^^^^^^^^^^^^^^^^^^^^^^^^^^^^^^
  File "/Users/zhangyu/PycharmProjects/Link2Chrome/server/ws_manager.py", line 105, in send_command
    raise RuntimeError(
RuntimeError: Extension 执行失败: 没有找到可调试的标签页 (excluded=1827095728,1827095699,1827095718,1827095721, targetTabId=null)
2026-02-03 11:19:02 [link2chrome] ERROR: 操作失败 [browser_get_state]: 执行出错: Extension 执行失败: 没有找到可调试的标签页 (excluded=1827095728,1827095699,1827095718,1827095721, targetTabId=null)
2026-02-03 11:19:17 [link2chrome] INFO: ============================================================
2026-02-03 11:19:17 [link2chrome] INFO: Link2Chrome 日志系统已启动
2026-02-03 11:19:17 [link2chrome] INFO: 日志目录: /Users/zhangyu/PycharmProjects/Link2Chrome/logs
2026-02-03 11:19:17 [link2chrome] INFO: 主日志文件: /Users/zhangyu/PycharmProjects/Link2Chrome/logs/link2chrome_2026-02-03.log
2026-02-03 11:19:17 [link2chrome] INFO: 错误日志文件: /Users/zhangyu/PycharmProjects/Link2Chrome/logs/link2chrome_error_2026-02-03.log
2026-02-03 11:19:17 [link2chrome] INFO: 日志级别: INFO
2026-02-03 11:19:17 [link2chrome] INFO: ============================================================
2026-02-03 11:26:13 [link2chrome.ws] INFO: Extension 连接已清理，取消了 0 个待处理请求
2026-02-03 11:26:14 [link2chrome.ws] INFO: Chrome Extension 已连接: ('::1', 51263, 0, 0)
2026-02-03 11:26:23 [link2chrome.ws] INFO: Extension 连接已清理，取消了 0 个待处理请求
2026-02-03 11:26:24 [link2chrome] INFO: ============================================================
2026-02-03 11:26:24 [link2chrome] INFO: Link2Chrome 日志系统已启动
2026-02-03 11:26:24 [link2chrome] INFO: 日志目录: /Users/zhangyu/PycharmProjects/Link2Chrome/logs
2026-02-03 11:26:24 [link2chrome] INFO: 主日志文件: /Users/zhangyu/PycharmProjects/Link2Chrome/logs/link2chrome_2026-02-03.log
2026-02-03 11:26:24 [link2chrome] INFO: 错误日志文件: /Users/zhangyu/PycharmProjects/Link2Chrome/logs/link2chrome_error_2026-02-03.log
2026-02-03 11:26:24 [link2chrome] INFO: 日志级别: INFO
2026-02-03 11:26:24 [link2chrome] INFO: ============================================================
2026-02-03 11:26:24 [link2chrome.ws] INFO: WebSocket Server 已启动: ws://localhost:8765
2026-02-03 11:26:24 [link2chrome] INFO: 等待 Chrome Extension 连接...
2026-02-03 11:26:25 [link2chrome.ws] INFO: Chrome Extension 已连接: ('::1', 51429, 0, 0)
2026-02-03 11:26:39 [link2chrome] INFO: 调用工具: browser_action_navigate, 参数: {'url': 'https://www.apple.com'}
2026-02-03 11:26:43 [link2chrome] INFO: 操作执行 [browser_action_navigate]: 已导航到: https://www.apple.com (状态: complete)
2026-02-03 11:26:49 [link2chrome] INFO: 调用工具: browser_get_state, 参数: {'include_screenshot': True, 'include_dom': True}
2026-02-03 11:26:50 [link2chrome] ERROR: Tool browser_get_state 执行异常
Traceback (most recent call last):
  File "/Users/zhangyu/PycharmProjects/Link2Chrome/server/main.py", line 336, in call_tool
    result = await tool_get_state(arguments)
             ^^^^^^^^^^^^^^^^^^^^^^^^^^^^^^^
  File "/Users/zhangyu/PycharmProjects/Link2Chrome/server/main.py", line 412, in tool_get_state
    info = await ws_manager.send_command("get_info")
           ^^^^^^^^^^^^^^^^^^^^^^^^^^^^^^^^^^^^^^^^^
  File "/Users/zhangyu/PycharmProjects/Link2Chrome/server/ws_manager.py", line 105, in send_command
    raise RuntimeError(
RuntimeError: Extension 执行失败: 没有找到可调试的标签页 (excluded=1827095699,1827095718,1827095721, targetTabId=null, 总共 5 个标签页)
2026-02-03 11:26:50 [link2chrome] ERROR: 操作失败 [browser_get_state]: 执行出错: Extension 执行失败: 没有找到可调试的标签页 (excluded=1827095699,1827095718,1827095721, targetTabId=null, 总共 5 个标签页)
2026-02-03 11:26:53 [link2chrome] INFO: 调用工具: browser_action_navigate, 参数: {'url': 'https://www.apple.com/iphone/'}
2026-02-03 11:26:56 [link2chrome] INFO: 操作执行 [browser_action_navigate]: 已导航到: https://www.apple.com/iphone/ (状态: complete)
2026-02-03 11:26:59 [link2chrome] INFO: 调用工具: browser_get_state, 参数: {'include_screenshot': True, 'include_dom': True}
2026-02-03 11:26:59 [link2chrome] ERROR: Tool browser_get_state 执行异常
Traceback (most recent call last):
  File "/Users/zhangyu/PycharmProjects/Link2Chrome/server/main.py", line 336, in call_tool
    result = await tool_get_state(arguments)
             ^^^^^^^^^^^^^^^^^^^^^^^^^^^^^^^
  File "/Users/zhangyu/PycharmProjects/Link2Chrome/server/main.py", line 412, in tool_get_state
    info = await ws_manager.send_command("get_info")
           ^^^^^^^^^^^^^^^^^^^^^^^^^^^^^^^^^^^^^^^^^
  File "/Users/zhangyu/PycharmProjects/Link2Chrome/server/ws_manager.py", line 105, in send_command
    raise RuntimeError(
RuntimeError: Extension 执行失败: 没有找到可调试的标签页 (excluded=1827095699,1827095718,1827095721, targetTabId=null, 总共 5 个标签页)
2026-02-03 11:26:59 [link2chrome] ERROR: 操作失败 [browser_get_state]: 执行出错: Extension 执行失败: 没有找到可调试的标签页 (excluded=1827095699,1827095718,1827095721, targetTabId=null, 总共 5 个标签页)
2026-02-03 11:27:03 [link2chrome] INFO: 调用工具: browser_action_vision, 参数: {'instruction': '点击页面上的 iPhone 17 Pro 链接或按钮'}
2026-02-03 11:27:03 [link2chrome] ERROR: Tool browser_action_vision 执行异常
Traceback (most recent call last):
  File "/Users/zhangyu/PycharmProjects/Link2Chrome/server/main.py", line 338, in call_tool
    result = await tool_action_vision(arguments)
             ^^^^^^^^^^^^^^^^^^^^^^^^^^^^^^^^^^^
  File "/Users/zhangyu/PycharmProjects/Link2Chrome/server/main.py", line 458, in tool_action_vision
    info = await ws_manager.send_command("get_info")
           ^^^^^^^^^^^^^^^^^^^^^^^^^^^^^^^^^^^^^^^^^
  File "/Users/zhangyu/PycharmProjects/Link2Chrome/server/ws_manager.py", line 105, in send_command
    raise RuntimeError(
RuntimeError: Extension 执行失败: 没有找到可调试的标签页 (excluded=1827095699,1827095718,1827095721, targetTabId=null, 总共 5 个标签页)
2026-02-03 11:27:03 [link2chrome] ERROR: 操作失败 [browser_action_vision]: 执行出错: Extension 执行失败: 没有找到可调试的标签页 (excluded=1827095699,1827095718,1827095721, targetTabId=null, 总共 5 个标签页)
2026-02-03 11:27:06 [link2chrome] INFO: 调用工具: browser_diagnose, 参数: {}
2026-02-03 11:27:06 [link2chrome] INFO: 操作执行 [browser_diagnose]: === Link2Chrome 诊断 ===
2026-02-03 11:27:10 [link2chrome] INFO: 调用工具: browser_get_tabs, 参数: {}
2026-02-03 11:27:10 [link2chrome] INFO: 操作执行 [browser_get_tabs]: 共 5 个标签页，1 个窗口:
2026-02-03 11:27:23 [link2chrome] INFO: 调用工具: browser_manage_tab, 参数: {'action': 'switch', 'tab_index': 1}
2026-02-03 11:27:23 [link2chrome] INFO: 操作执行 [browser_manage_tab]: 已切换到标签页 [1]
2026-02-03 11:27:27 [link2chrome] INFO: 调用工具: browser_get_state, 参数: {'include_dom': True, 'include_screenshot': True}
2026-02-03 11:27:27 [link2chrome] ERROR: Tool browser_get_state 执行异常
Traceback (most recent call last):
  File "/Users/zhangyu/PycharmProjects/Link2Chrome/server/main.py", line 336, in call_tool
    result = await tool_get_state(arguments)
             ^^^^^^^^^^^^^^^^^^^^^^^^^^^^^^^
  File "/Users/zhangyu/PycharmProjects/Link2Chrome/server/main.py", line 412, in tool_get_state
    info = await ws_manager.send_command("get_info")
           ^^^^^^^^^^^^^^^^^^^^^^^^^^^^^^^^^^^^^^^^^
  File "/Users/zhangyu/PycharmProjects/Link2Chrome/server/ws_manager.py", line 105, in send_command
    raise RuntimeError(
RuntimeError: Extension 执行失败: 没有找到可调试的标签页 (excluded=1827095699,1827095718,1827095721, targetTabId=null, 总共 5 个标签页)
2026-02-03 11:27:27 [link2chrome] ERROR: 操作失败 [browser_get_state]: 执行出错: Extension 执行失败: 没有找到可调试的标签页 (excluded=1827095699,1827095718,1827095721, targetTabId=null, 总共 5 个标签页)
2026-02-03 11:28:04 [link2chrome.ws] INFO: Extension 连接已清理，取消了 0 个待处理请求
2026-02-03 11:28:05 [link2chrome.ws] INFO: Chrome Extension 已连接: ('::1', 52651, 0, 0)
2026-02-03 11:37:19 [link2chrome.ws] INFO: Extension 连接已清理，取消了 0 个待处理请求
2026-02-03 11:37:19 [link2chrome.ws] INFO: Chrome Extension 已连接: ('::1', 61334, 0, 0)
2026-02-03 11:37:19 [link2chrome.ws] INFO: Extension 连接已清理，取消了 0 个待处理请求
2026-02-03 11:37:20 [link2chrome.ws] INFO: Chrome Extension 已连接: ('::1', 61362, 0, 0)
2026-02-03 11:37:36 [link2chrome.ws] INFO: Extension 连接已清理，取消了 0 个待处理请求
2026-02-03 11:37:36 [link2chrome] INFO: ============================================================
2026-02-03 11:37:36 [link2chrome] INFO: Link2Chrome 日志系统已启动
2026-02-03 11:37:36 [link2chrome] INFO: 日志目录: /Users/zhangyu/PycharmProjects/Link2Chrome/logs
2026-02-03 11:37:36 [link2chrome] INFO: 主日志文件: /Users/zhangyu/PycharmProjects/Link2Chrome/logs/link2chrome_2026-02-03.log
2026-02-03 11:37:36 [link2chrome] INFO: 错误日志文件: /Users/zhangyu/PycharmProjects/Link2Chrome/logs/link2chrome_error_2026-02-03.log
2026-02-03 11:37:36 [link2chrome] INFO: 日志级别: INFO
2026-02-03 11:37:36 [link2chrome] INFO: ============================================================
2026-02-03 11:37:36 [link2chrome.ws] INFO: WebSocket Server 已启动: ws://localhost:8765
2026-02-03 11:37:36 [link2chrome] INFO: 等待 Chrome Extension 连接...
2026-02-03 11:37:37 [link2chrome.ws] INFO: Chrome Extension 已连接: ('::1', 61678, 0, 0)
2026-02-03 11:37:58 [link2chrome] INFO: 调用工具: browser_action_navigate, 参数: {'url': 'https://www.apple.com'}
2026-02-03 11:38:03 [link2chrome] INFO: 操作执行 [browser_action_navigate]: 已导航到: https://www.apple.com (状态: complete)
2026-02-03 11:38:13 [link2chrome] INFO: 调用工具: browser_action_vision, 参数: {'instruction': '点击 iPhone 菜单或链接，进入 iPhone 产品页面'}
2026-02-03 11:38:13 [link2chrome] ERROR: Tool browser_action_vision 执行异常
Traceback (most recent call last):
  File "/Users/zhangyu/PycharmProjects/Link2Chrome/server/main.py", line 338, in call_tool
    result = await tool_action_vision(arguments)
             ^^^^^^^^^^^^^^^^^^^^^^^^^^^^^^^^^^^
  File "/Users/zhangyu/PycharmProjects/Link2Chrome/server/main.py", line 458, in tool_action_vision
    info = await ws_manager.send_command("get_info")
           ^^^^^^^^^^^^^^^^^^^^^^^^^^^^^^^^^^^^^^^^^
  File "/Users/zhangyu/PycharmProjects/Link2Chrome/server/ws_manager.py", line 105, in send_command
    raise RuntimeError(
RuntimeError: Extension 执行失败: 没有找到可调试的标签页 (excluded=1827095704,1827095699,1827095718,1827095721, targetTabId=null, 总共 5 个标签页)
2026-02-03 11:38:13 [link2chrome] ERROR: 操作失败 [browser_action_vision]: 执行出错: Extension 执行失败: 没有找到可调试的标签页 (excluded=1827095704,1827095699,1827095718,1827095721, targetTabId=null, 总共 5 个标签页)
2026-02-03 11:38:29 [link2chrome] INFO: 调用工具: browser_get_state, 参数: {'include_screenshot': True, 'include_dom': True}
2026-02-03 11:38:29 [link2chrome] ERROR: Tool browser_get_state 执行异常
Traceback (most recent call last):
  File "/Users/zhangyu/PycharmProjects/Link2Chrome/server/main.py", line 336, in call_tool
    result = await tool_get_state(arguments)
             ^^^^^^^^^^^^^^^^^^^^^^^^^^^^^^^
  File "/Users/zhangyu/PycharmProjects/Link2Chrome/server/main.py", line 412, in tool_get_state
    info = await ws_manager.send_command("get_info")
           ^^^^^^^^^^^^^^^^^^^^^^^^^^^^^^^^^^^^^^^^^
  File "/Users/zhangyu/PycharmProjects/Link2Chrome/server/ws_manager.py", line 105, in send_command
    raise RuntimeError(
RuntimeError: Extension 执行失败: 没有找到可调试的标签页 (excluded=1827095704,1827095699,1827095718,1827095721, targetTabId=null, 总共 5 个标签页)
2026-02-03 11:38:29 [link2chrome] ERROR: 操作失败 [browser_get_state]: 执行出错: Extension 执行失败: 没有找到可调试的标签页 (excluded=1827095704,1827095699,1827095718,1827095721, targetTabId=null, 总共 5 个标签页)
2026-02-03 11:38:33 [link2chrome] INFO: 调用工具: browser_diagnose, 参数: {}
2026-02-03 11:38:33 [link2chrome] INFO: 操作执行 [browser_diagnose]: === Link2Chrome 诊断 ===
2026-02-03 12:47:39 [link2chrome] INFO: 调用工具: browser_get_state, 参数: {}
2026-02-03 12:47:39 [link2chrome] ERROR: Tool browser_get_state 执行异常
Traceback (most recent call last):
  File "/Users/zhangyu/PycharmProjects/Link2Chrome/server/main.py", line 336, in call_tool
    result = await tool_get_state(arguments)
             ^^^^^^^^^^^^^^^^^^^^^^^^^^^^^^^
  File "/Users/zhangyu/PycharmProjects/Link2Chrome/server/main.py", line 412, in tool_get_state
    info = await ws_manager.send_command("get_info")
           ^^^^^^^^^^^^^^^^^^^^^^^^^^^^^^^^^^^^^^^^^
  File "/Users/zhangyu/PycharmProjects/Link2Chrome/server/ws_manager.py", line 105, in send_command
    raise RuntimeError(
RuntimeError: Extension 执行失败: 调试器附加失败: 尝试了 5 个标签页均不可调试。失败 IDs: [1827095699, 1827095718, 1827095721, 1827095753, 1827095737]
2026-02-03 12:47:39 [link2chrome] ERROR: 操作失败 [browser_get_state]: 执行出错: Extension 执行失败: 调试器附加失败: 尝试了 5 个标签页均不可调试。失败 IDs: [1827095699, 1827095718, 1827095721, 1827095753, 1827095737]
2026-02-03 12:47:50 [link2chrome] INFO: 调用工具: browser_action_navigate, 参数: {'url': 'https://www.apple.com.cn'}
2026-02-03 12:47:56 [link2chrome] INFO: 操作执行 [browser_action_navigate]: 已导航到: https://www.apple.com.cn (状态: complete)
2026-02-03 12:48:06 [link2chrome] INFO: 调用工具: browser_get_state, 参数: {}
2026-02-03 12:48:06 [link2chrome] ERROR: Tool browser_get_state 执行异常
Traceback (most recent call last):
  File "/Users/zhangyu/PycharmProjects/Link2Chrome/server/main.py", line 336, in call_tool
    result = await tool_get_state(arguments)
             ^^^^^^^^^^^^^^^^^^^^^^^^^^^^^^^
  File "/Users/zhangyu/PycharmProjects/Link2Chrome/server/main.py", line 412, in tool_get_state
    info = await ws_manager.send_command("get_info")
           ^^^^^^^^^^^^^^^^^^^^^^^^^^^^^^^^^^^^^^^^^
  File "/Users/zhangyu/PycharmProjects/Link2Chrome/server/ws_manager.py", line 105, in send_command
    raise RuntimeError(
RuntimeError: Extension 执行失败: 调试器附加失败: 尝试了 5 个标签页均不可调试。失败 IDs: [1827095699, 1827095718, 1827095721, 1827095753, 1827095737]
2026-02-03 12:48:06 [link2chrome] ERROR: 操作失败 [browser_get_state]: 执行出错: Extension 执行失败: 调试器附加失败: 尝试了 5 个标签页均不可调试。失败 IDs: [1827095699, 1827095718, 1827095721, 1827095753, 1827095737]
2026-02-03 12:48:09 [link2chrome] INFO: 调用工具: browser_diagnose, 参数: {}
2026-02-03 12:48:09 [link2chrome] INFO: 操作执行 [browser_diagnose]: === Link2Chrome 诊断 ===
2026-02-03 12:48:11 [link2chrome] INFO: 调用工具: browser_manage_tab, 参数: {'action': 'switch', 'tab_index': 1}
2026-02-03 12:48:11 [link2chrome] INFO: 操作执行 [browser_manage_tab]: 已切换到标签页 [1]
2026-02-03 12:48:13 [link2chrome] INFO: 调用工具: browser_get_state, 参数: {}
2026-02-03 12:48:13 [link2chrome] ERROR: Tool browser_get_state 执行异常
Traceback (most recent call last):
  File "/Users/zhangyu/PycharmProjects/Link2Chrome/server/main.py", line 336, in call_tool
    result = await tool_get_state(arguments)
             ^^^^^^^^^^^^^^^^^^^^^^^^^^^^^^^
  File "/Users/zhangyu/PycharmProjects/Link2Chrome/server/main.py", line 412, in tool_get_state
    info = await ws_manager.send_command("get_info")
           ^^^^^^^^^^^^^^^^^^^^^^^^^^^^^^^^^^^^^^^^^
  File "/Users/zhangyu/PycharmProjects/Link2Chrome/server/ws_manager.py", line 105, in send_command
    raise RuntimeError(
RuntimeError: Extension 执行失败: 调试器附加失败: 尝试了 5 个标签页均不可调试。失败 IDs: [1827095699, 1827095718, 1827095721, 1827095753, 1827095737]
2026-02-03 12:48:13 [link2chrome] ERROR: 操作失败 [browser_get_state]: 执行出错: Extension 执行失败: 调试器附加失败: 尝试了 5 个标签页均不可调试。失败 IDs: [1827095699, 1827095718, 1827095721, 1827095753, 1827095737]
2026-02-03 12:48:16 [link2chrome] INFO: 调用工具: browser_action_vision, 参数: {'instruction': '点击页面上的 iPhone 菜单或链接，进入 iPhone 产品页面'}
2026-02-03 12:48:16 [link2chrome] ERROR: Tool browser_action_vision 执行异常
Traceback (most recent call last):
  File "/Users/zhangyu/PycharmProjects/Link2Chrome/server/main.py", line 338, in call_tool
    result = await tool_action_vision(arguments)
             ^^^^^^^^^^^^^^^^^^^^^^^^^^^^^^^^^^^
  File "/Users/zhangyu/PycharmProjects/Link2Chrome/server/main.py", line 458, in tool_action_vision
    info = await ws_manager.send_command("get_info")
           ^^^^^^^^^^^^^^^^^^^^^^^^^^^^^^^^^^^^^^^^^
  File "/Users/zhangyu/PycharmProjects/Link2Chrome/server/ws_manager.py", line 105, in send_command
    raise RuntimeError(
RuntimeError: Extension 执行失败: 调试器附加失败: 尝试了 5 个标签页均不可调试。失败 IDs: [1827095699, 1827095718, 1827095721, 1827095753, 1827095737]
2026-02-03 12:48:16 [link2chrome] ERROR: 操作失败 [browser_action_vision]: 执行出错: Extension 执行失败: 调试器附加失败: 尝试了 5 个标签页均不可调试。失败 IDs: [1827095699, 1827095718, 1827095721, 1827095753, 1827095737]
2026-02-03 12:48:26 [link2chrome] INFO: 调用工具: browser_get_tabs, 参数: {}
2026-02-03 12:48:26 [link2chrome] INFO: 操作执行 [browser_get_tabs]: 共 7 个标签页，1 个窗口:
2026-02-03 12:48:29 [link2chrome] INFO: 调用工具: browser_get_state, 参数: {}
2026-02-03 12:48:29 [link2chrome] ERROR: Tool browser_get_state 执行异常
Traceback (most recent call last):
  File "/Users/zhangyu/PycharmProjects/Link2Chrome/server/main.py", line 336, in call_tool
    result = await tool_get_state(arguments)
             ^^^^^^^^^^^^^^^^^^^^^^^^^^^^^^^
  File "/Users/zhangyu/PycharmProjects/Link2Chrome/server/main.py", line 412, in tool_get_state
    info = await ws_manager.send_command("get_info")
           ^^^^^^^^^^^^^^^^^^^^^^^^^^^^^^^^^^^^^^^^^
  File "/Users/zhangyu/PycharmProjects/Link2Chrome/server/ws_manager.py", line 105, in send_command
    raise RuntimeError(
RuntimeError: Extension 执行失败: 调试器附加失败: 尝试了 5 个标签页均不可调试。失败 IDs: [1827095699, 1827095718, 1827095721, 1827095753, 1827095737]
2026-02-03 12:48:29 [link2chrome] ERROR: 操作失败 [browser_get_state]: 执行出错: Extension 执行失败: 调试器附加失败: 尝试了 5 个标签页均不可调试。失败 IDs: [1827095699, 1827095718, 1827095721, 1827095753, 1827095737]
2026-02-03 12:48:31 [link2chrome] INFO: 调用工具: browser_manage_tab, 参数: {'action': 'close', 'tab_index': 5}
2026-02-03 12:48:31 [link2chrome] INFO: 操作执行 [browser_manage_tab]: 已关闭标签页
2026-02-03 12:48:33 [link2chrome] INFO: 调用工具: browser_get_state, 参数: {}
2026-02-03 12:48:33 [link2chrome] ERROR: Tool browser_get_state 执行异常
Traceback (most recent call last):
  File "/Users/zhangyu/PycharmProjects/Link2Chrome/server/main.py", line 336, in call_tool
    result = await tool_get_state(arguments)
             ^^^^^^^^^^^^^^^^^^^^^^^^^^^^^^^
  File "/Users/zhangyu/PycharmProjects/Link2Chrome/server/main.py", line 412, in tool_get_state
    info = await ws_manager.send_command("get_info")
           ^^^^^^^^^^^^^^^^^^^^^^^^^^^^^^^^^^^^^^^^^
  File "/Users/zhangyu/PycharmProjects/Link2Chrome/server/ws_manager.py", line 105, in send_command
    raise RuntimeError(
RuntimeError: Extension 执行失败: 调试器附加失败: 尝试了 5 个标签页均不可调试。失败 IDs: [1827095699, 1827095718, 1827095721, 1827095753, 1827095737]
2026-02-03 12:48:33 [link2chrome] ERROR: 操作失败 [browser_get_state]: 执行出错: Extension 执行失败: 调试器附加失败: 尝试了 5 个标签页均不可调试。失败 IDs: [1827095699, 1827095718, 1827095721, 1827095753, 1827095737]
2026-02-03 12:48:36 [link2chrome] INFO: 调用工具: browser_diagnose, 参数: {}
2026-02-03 12:48:36 [link2chrome] INFO: 操作执行 [browser_diagnose]: === Link2Chrome 诊断 ===
2026-02-03 12:50:12 [link2chrome.ws] WARNING: 新连接到来，断开旧连接
2026-02-03 12:50:12 [link2chrome.ws] INFO: Extension 连接已清理，取消了 0 个待处理请求
2026-02-03 12:50:12 [link2chrome.ws] INFO: Chrome Extension 已连接: ('::1', 55137, 0, 0)
2026-02-03 12:50:13 [link2chrome.ws] WARNING: 新连接到来，断开旧连接
2026-02-03 12:50:13 [link2chrome.ws] INFO: Extension 连接已清理，取消了 0 个待处理请求
2026-02-03 12:50:13 [link2chrome.ws] INFO: Chrome Extension 已连接: ('::1', 55158, 0, 0)
2026-02-03 12:50:14 [link2chrome.ws] WARNING: 新连接到来，断开旧连接
2026-02-03 12:50:14 [link2chrome.ws] INFO: Extension 连接已清理，取消了 0 个待处理请求
2026-02-03 12:50:14 [link2chrome.ws] INFO: Chrome Extension 已连接: ('::1', 55192, 0, 0)
2026-02-03 12:50:15 [link2chrome.ws] WARNING: 新连接到来，断开旧连接
2026-02-03 12:50:15 [link2chrome.ws] INFO: Extension 连接已清理，取消了 0 个待处理请求
2026-02-03 12:50:15 [link2chrome.ws] INFO: Chrome Extension 已连接: ('::1', 55197, 0, 0)
2026-02-03 12:50:16 [link2chrome.ws] WARNING: 新连接到来，断开旧连接
2026-02-03 12:50:16 [link2chrome.ws] INFO: Extension 连接已清理，取消了 0 个待处理请求
2026-02-03 12:50:16 [link2chrome.ws] INFO: Chrome Extension 已连接: ('::1', 55227, 0, 0)
2026-02-03 12:50:17 [link2chrome.ws] WARNING: 新连接到来，断开旧连接
2026-02-03 12:50:17 [link2chrome.ws] INFO: Extension 连接已清理，取消了 0 个待处理请求
2026-02-03 12:50:17 [link2chrome.ws] INFO: Chrome Extension 已连接: ('::1', 55232, 0, 0)
2026-02-03 12:50:18 [link2chrome.ws] WARNING: 新连接到来，断开旧连接
2026-02-03 12:50:18 [link2chrome.ws] INFO: Extension 连接已清理，取消了 0 个待处理请求
2026-02-03 12:50:18 [link2chrome.ws] INFO: Chrome Extension 已连接: ('::1', 55261, 0, 0)
2026-02-03 12:50:19 [link2chrome.ws] WARNING: 新连接到来，断开旧连接
2026-02-03 12:50:19 [link2chrome.ws] INFO: Extension 连接已清理，取消了 0 个待处理请求
2026-02-03 12:50:19 [link2chrome.ws] INFO: Chrome Extension 已连接: ('::1', 55284, 0, 0)
2026-02-03 12:50:20 [link2chrome.ws] WARNING: 新连接到来，断开旧连接
2026-02-03 12:50:20 [link2chrome.ws] INFO: Extension 连接已清理，取消了 0 个待处理请求
2026-02-03 12:50:20 [link2chrome.ws] INFO: Chrome Extension 已连接: ('::1', 55323, 0, 0)
2026-02-03 12:50:21 [link2chrome.ws] WARNING: 新连接到来，断开旧连接
2026-02-03 12:50:21 [link2chrome.ws] INFO: Extension 连接已清理，取消了 0 个待处理请求
2026-02-03 12:50:21 [link2chrome.ws] INFO: Chrome Extension 已连接: ('::1', 55330, 0, 0)
2026-02-03 12:50:22 [link2chrome.ws] WARNING: 新连接到来，断开旧连接
2026-02-03 12:50:22 [link2chrome.ws] INFO: Extension 连接已清理，取消了 0 个待处理请求
2026-02-03 12:50:22 [link2chrome.ws] INFO: Chrome Extension 已连接: ('::1', 55362, 0, 0)
2026-02-03 12:50:42 [link2chrome] INFO: 调用工具: browser_action_navigate, 参数: {'url': 'https://www.apple.com'}
2026-02-03 12:50:45 [link2chrome] INFO: 操作执行 [browser_action_navigate]: 已导航到: https://www.apple.com (状态: complete)
2026-02-03 12:50:48 [link2chrome] INFO: 调用工具: browser_get_state, 参数: {}
2026-02-03 12:50:48 [link2chrome] INFO: 操作执行 [browser_get_state]: URL: https://www.apple.com/ | [图片] | DOM 结构:
2026-02-03 12:50:59 [link2chrome] INFO: 调用工具: browser_action_vision, 参数: {'instruction': '点击 "Shop iPhone" 按钮'}
2026-02-03 12:50:59 [link2chrome.vision] INFO: Vision 客户端已初始化, model=doubao-seed-1-8-251228
2026-02-03 12:51:05 [link2chrome] INFO: 操作执行 [browser_action_vision]: 视觉分析: 在页面的iPhone板块区域，找到了“Shop iPhone”按钮，点击该按钮的中心点位置。
2026-02-03 12:51:20 [link2chrome] INFO: 调用工具: browser_wait, 参数: {'seconds': 2}
2026-02-03 12:51:22 [link2chrome] INFO: 操作执行 [browser_wait]: 已等待 2 秒
2026-02-03 12:51:25 [link2chrome] INFO: 调用工具: browser_get_state, 参数: {}
2026-02-03 12:51:26 [link2chrome] INFO: 操作执行 [browser_get_state]: URL: https://www.apple.com/ | [图片] | DOM 结构:
2026-02-03 12:51:38 [link2chrome] INFO: 调用工具: browser_click, 参数: {'x': 1346, 'y': 942}
2026-02-03 12:51:38 [link2chrome] INFO: 操作执行 [browser_click]: 已点击坐标 (1346, 942)
2026-02-03 12:51:45 [link2chrome] INFO: 调用工具: browser_wait, 参数: {'seconds': 3}
2026-02-03 12:51:48 [link2chrome] INFO: 操作执行 [browser_wait]: 已等待 3 秒
2026-02-03 12:51:52 [link2chrome] INFO: 调用工具: browser_get_state, 参数: {}
2026-02-03 12:51:52 [link2chrome] INFO: 操作执行 [browser_get_state]: URL: https://www.apple.com/shop/buy-iphone | [图片] | DOM 结构:
2026-02-03 12:52:02 [link2chrome] INFO: 调用工具: browser_action_vision, 参数: {'instruction': '点击 iPhone 17 Pro & iPhone 17 Pro Max 卡片的 "Buy" 按钮'}
2026-02-03 12:52:10 [link2chrome] INFO: 操作执行 [browser_action_vision]: 视觉分析: 在页面第一个卡片（iPhone 17 Pro & iPhone 17 Pro Max）中找到蓝色的Buy按钮，点击该按钮的中心点。
2026-02-03 12:52:22 [link2chrome] INFO: 调用工具: browser_wait, 参数: {'seconds': 3}
2026-02-03 12:52:25 [link2chrome] INFO: 操作执行 [browser_wait]: 已等待 3 秒
2026-02-03 12:52:29 [link2chrome] INFO: 调用工具: browser_get_state, 参数: {}
2026-02-03 12:52:29 [link2chrome] INFO: 操作执行 [browser_get_state]: URL: https://www.apple.com/shop/buy-iphone | [图片] | DOM 结构:
2026-02-03 12:52:41 [link2chrome] INFO: 调用工具: browser_action_vision, 参数: {'instruction': '点击 "iPhone 17 Pro Max" 选项卡'}
2026-02-03 12:52:48 [link2chrome] INFO: 操作执行 [browser_action_vision]: 视觉分析: 在弹窗的顶部选项卡中找到“iPhone 17 Pro Max”，点击该选项卡的中心点
2026-02-03 12:53:00 [link2chrome] INFO: 调用工具: browser_wait, 参数: {'seconds': 2}
2026-02-03 12:53:02 [link2chrome] INFO: 操作执行 [browser_wait]: 已等待 2 秒
2026-02-03 12:53:27 [link2chrome] INFO: 调用工具: browser_get_state, 参数: {'include_dom': False}
2026-02-03 12:53:27 [link2chrome] INFO: 操作执行 [browser_get_state]: URL: https://www.apple.com/shop/buy-iphone | [图片]
2026-02-03 12:54:29 [link2chrome] INFO: 调用工具: browser_action_navigate, 参数: {'url': 'https://x.com/vista8'}
2026-02-03 12:54:37 [link2chrome] INFO: 操作执行 [browser_action_navigate]: 已导航到: https://x.com/vista8 (状态: complete)
2026-02-03 12:54:40 [link2chrome] INFO: 调用工具: browser_get_state, 参数: {'include_dom': True, 'include_screenshot': True}
2026-02-03 12:54:40 [link2chrome] ERROR: Tool browser_get_state 执行异常
Traceback (most recent call last):
  File "/Users/zhangyu/PycharmProjects/Link2Chrome/server/main.py", line 336, in call_tool
    result = await tool_get_state(arguments)
             ^^^^^^^^^^^^^^^^^^^^^^^^^^^^^^^
  File "/Users/zhangyu/PycharmProjects/Link2Chrome/server/main.py", line 412, in tool_get_state
    info = await ws_manager.send_command("get_info")
           ^^^^^^^^^^^^^^^^^^^^^^^^^^^^^^^^^^^^^^^^^
  File "/Users/zhangyu/PycharmProjects/Link2Chrome/server/ws_manager.py", line 105, in send_command
    raise RuntimeError(
RuntimeError: Extension 执行失败: Debugger attach 失败 (tab=1827095846, url=https://x.com/vista8): Another debugger is already attached to the tab with id: 1827095846.
2026-02-03 12:54:40 [link2chrome] ERROR: 操作失败 [browser_get_state]: 执行出错: Extension 执行失败: Debugger attach 失败 (tab=1827095846, url=https://x.com/vista8): Another debugger is already attached to the tab with id: 1827095846.
2026-02-03 12:54:42 [link2chrome] INFO: 调用工具: browser_action_vision, 参数: {'instruction': '滚动页面，查看当前加载的所有推文内容，记录每条推文的发布时间（注意日期显示格式，如"1月30日"或相对时间"X小时前"）。请返回看到的推文数量和大致日期范围。'}
2026-02-03 12:54:42 [link2chrome] ERROR: Tool browser_action_vision 执行异常
Traceback (most recent call last):
  File "/Users/zhangyu/PycharmProjects/Link2Chrome/server/main.py", line 338, in call_tool
    result = await tool_action_vision(arguments)
             ^^^^^^^^^^^^^^^^^^^^^^^^^^^^^^^^^^^
  File "/Users/zhangyu/PycharmProjects/Link2Chrome/server/main.py", line 458, in tool_action_vision
    info = await ws_manager.send_command("get_info")
           ^^^^^^^^^^^^^^^^^^^^^^^^^^^^^^^^^^^^^^^^^
  File "/Users/zhangyu/PycharmProjects/Link2Chrome/server/ws_manager.py", line 105, in send_command
    raise RuntimeError(
RuntimeError: Extension 执行失败: Debugger attach 失败 (tab=1827095846, url=https://x.com/vista8): Another debugger is already attached to the tab with id: 1827095846.
2026-02-03 12:54:42 [link2chrome] ERROR: 操作失败 [browser_action_vision]: 执行出错: Extension 执行失败: Debugger attach 失败 (tab=1827095846, url=https://x.com/vista8): Another debugger is already attached to the tab with id: 1827095846.
2026-02-03 12:54:45 [link2chrome] INFO: 调用工具: browser_manage_tab, 参数: {'action': 'close', 'tab_index': 0}
2026-02-03 12:54:45 [link2chrome] INFO: 操作执行 [browser_manage_tab]: 已关闭标签页
2026-02-03 12:54:45 [link2chrome.ws] INFO: Extension 连接已清理，取消了 0 个待处理请求
2026-02-03 12:54:47 [link2chrome] INFO: 调用工具: browser_manage_tab, 参数: {'action': 'new', 'url': 'https://x.com/vista8'}
2026-02-03 12:54:47 [link2chrome] ERROR: Tool browser_manage_tab 连接错误: Chrome Extension 未连接。请确保扩展已加载并启用。
2026-02-03 12:54:47 [link2chrome] ERROR: 操作失败 [browser_manage_tab]: 浏览器未连接: Chrome Extension 未连接。请确保扩展已加载并启用。
2026-02-03 12:54:48 [link2chrome] INFO: 调用工具: browser_diagnose, 参数: {}
2026-02-03 12:54:48 [link2chrome] INFO: 操作执行 [browser_diagnose]: === Link2Chrome 诊断 ===
2026-02-03 12:55:23 [link2chrome] INFO: 调用工具: browser_action_navigate, 参数: {'url': 'https://x.com/vista8'}
2026-02-03 12:55:23 [link2chrome] ERROR: Tool browser_action_navigate 连接错误: Chrome Extension 未连接。请确保扩展已加载并启用。
2026-02-03 12:55:23 [link2chrome] ERROR: 操作失败 [browser_action_navigate]: 浏览器未连接: Chrome Extension 未连接。请确保扩展已加载并启用。
2026-02-03 12:55:25 [link2chrome] INFO: 调用工具: browser_diagnose, 参数: {}
2026-02-03 12:55:25 [link2chrome] INFO: 操作执行 [browser_diagnose]: === Link2Chrome 诊断 ===
2026-02-03 12:55:28 [link2chrome.ws] INFO: Chrome Extension 已连接: ('::1', 61347, 0, 0)
2026-02-03 12:55:45 [link2chrome.ws] INFO: Extension 连接已清理，取消了 0 个待处理请求
2026-02-03 12:55:46 [link2chrome] INFO: ============================================================
2026-02-03 12:55:46 [link2chrome] INFO: Link2Chrome 日志系统已启动
2026-02-03 12:55:46 [link2chrome] INFO: 日志目录: /Users/zhangyu/PycharmProjects/Link2Chrome/logs
2026-02-03 12:55:46 [link2chrome] INFO: 主日志文件: /Users/zhangyu/PycharmProjects/Link2Chrome/logs/link2chrome_2026-02-03.log
2026-02-03 12:55:46 [link2chrome] INFO: 错误日志文件: /Users/zhangyu/PycharmProjects/Link2Chrome/logs/link2chrome_error_2026-02-03.log
2026-02-03 12:55:46 [link2chrome] INFO: 日志级别: INFO
2026-02-03 12:55:46 [link2chrome] INFO: ============================================================
2026-02-03 12:55:46 [link2chrome.ws] INFO: WebSocket Server 已启动: ws://localhost:8765
2026-02-03 12:55:46 [link2chrome] INFO: 等待 Chrome Extension 连接...
2026-02-03 12:55:46 [link2chrome.ws] INFO: Chrome Extension 已连接: ('::1', 61681, 0, 0)
2026-02-03 12:55:56 [link2chrome] INFO: 调用工具: browser_action_navigate, 参数: {'url': 'https://x.com/vista8'}
2026-02-03 12:55:59 [link2chrome] INFO: 操作执行 [browser_action_navigate]: 已导航到: https://x.com/vista8 (状态: complete)
2026-02-03 12:56:01 [link2chrome] INFO: 调用工具: browser_get_state, 参数: {}
2026-02-03 12:56:01 [link2chrome] INFO: 操作执行 [browser_get_state]: URL: https://x.com/vista8 | [图片] | DOM 结构:
2026-02-03 12:56:09 [link2chrome] INFO: 调用工具: browser_extract_content, 参数: {'save_path': '/Users/zhangyu/PycharmProjects/Link2Chrome/test/twitter_vista8_page1.md'}
2026-02-03 12:56:09 [link2chrome] INFO: 操作执行 [browser_extract_content]: 已保存到: /Users/zhangyu/PycharmProjects/Link2Chrome/test/twitter_vista8_page1.md
2026-02-03 12:56:14 [link2chrome] INFO: 调用工具: browser_action_scroll, 参数: {'direction': 'down', 'amount': 800}
2026-02-03 12:56:14 [link2chrome] INFO: 操作执行 [browser_action_scroll]: 已向下滚动 800 像素
2026-02-03 12:56:17 [link2chrome] INFO: 调用工具: browser_extract_content, 参数: {'save_path': '/Users/zhangyu/PycharmProjects/Link2Chrome/test/twitter_vista8_page2.md'}
2026-02-03 12:56:17 [link2chrome] INFO: 操作执行 [browser_extract_content]: 已保存到: /Users/zhangyu/PycharmProjects/Link2Chrome/test/twitter_vista8_page2.md
2026-02-03 12:56:20 [link2chrome] INFO: 调用工具: browser_action_scroll, 参数: {'direction': 'down', 'amount': 800}
2026-02-03 12:56:20 [link2chrome] INFO: 操作执行 [browser_action_scroll]: 已向下滚动 800 像素
2026-02-03 12:56:22 [link2chrome] INFO: 调用工具: browser_extract_content, 参数: {'save_path': '/Users/zhangyu/PycharmProjects/Link2Chrome/test/twitter_vista8_page3.md'}
2026-02-03 12:56:22 [link2chrome] INFO: 操作执行 [browser_extract_content]: 已保存到: /Users/zhangyu/PycharmProjects/Link2Chrome/test/twitter_vista8_page3.md
2026-02-03 12:56:25 [link2chrome] INFO: 调用工具: browser_action_scroll, 参数: {'direction': 'down', 'amount': 800}
2026-02-03 12:56:25 [link2chrome] INFO: 操作执行 [browser_action_scroll]: 已向下滚动 800 像素
2026-02-03 12:56:28 [link2chrome] INFO: 调用工具: browser_extract_content, 参数: {'save_path': '/Users/zhangyu/PycharmProjects/Link2Chrome/test/twitter_vista8_page4.md'}
2026-02-03 12:56:28 [link2chrome] INFO: 操作执行 [browser_extract_content]: 已保存到: /Users/zhangyu/PycharmProjects/Link2Chrome/test/twitter_vista8_page4.md
2026-02-03 12:56:30 [link2chrome] INFO: 调用工具: browser_action_scroll, 参数: {'direction': 'down', 'amount': 800}
2026-02-03 12:56:30 [link2chrome] INFO: 操作执行 [browser_action_scroll]: 已向下滚动 800 像素
2026-02-03 12:56:33 [link2chrome] INFO: 调用工具: browser_extract_content, 参数: {'save_path': '/Users/zhangyu/PycharmProjects/Link2Chrome/test/twitter_vista8_page5.md'}
2026-02-03 12:56:33 [link2chrome] INFO: 操作执行 [browser_extract_content]: 已保存到: /Users/zhangyu/PycharmProjects/Link2Chrome/test/twitter_vista8_page5.md
2026-02-03 12:56:35 [link2chrome] INFO: 调用工具: browser_action_scroll, 参数: {'direction': 'down', 'amount': 800}
2026-02-03 12:56:35 [link2chrome] INFO: 操作执行 [browser_action_scroll]: 已向下滚动 800 像素
2026-02-03 12:56:38 [link2chrome] INFO: 调用工具: browser_extract_content, 参数: {'save_path': '/Users/zhangyu/PycharmProjects/Link2Chrome/test/twitter_vista8_page6.md'}
2026-02-03 12:56:38 [link2chrome] INFO: 操作执行 [browser_extract_content]: 已保存到: /Users/zhangyu/PycharmProjects/Link2Chrome/test/twitter_vista8_page6.md
2026-02-03 12:56:41 [link2chrome] INFO: 调用工具: browser_action_scroll, 参数: {'direction': 'down', 'amount': 800}
2026-02-03 12:56:41 [link2chrome] INFO: 操作执行 [browser_action_scroll]: 已向下滚动 800 像素
2026-02-03 12:56:43 [link2chrome] INFO: 调用工具: browser_extract_content, 参数: {'save_path': '/Users/zhangyu/PycharmProjects/Link2Chrome/test/twitter_vista8_page7.md'}
2026-02-03 12:56:43 [link2chrome] INFO: 操作执行 [browser_extract_content]: 已保存到: /Users/zhangyu/PycharmProjects/Link2Chrome/test/twitter_vista8_page7.md
2026-02-03 12:56:46 [link2chrome] INFO: 调用工具: browser_action_scroll, 参数: {'direction': 'down', 'amount': 800}
2026-02-03 12:56:46 [link2chrome] INFO: 操作执行 [browser_action_scroll]: 已向下滚动 800 像素
2026-02-03 12:56:48 [link2chrome] INFO: 调用工具: browser_extract_content, 参数: {'save_path': '/Users/zhangyu/PycharmProjects/Link2Chrome/test/twitter_vista8_page8.md'}
2026-02-03 12:56:48 [link2chrome] INFO: 操作执行 [browser_extract_content]: 已保存到: /Users/zhangyu/PycharmProjects/Link2Chrome/test/twitter_vista8_page8.md
2026-02-03 12:56:51 [link2chrome] INFO: 调用工具: browser_action_scroll, 参数: {'direction': 'down', 'amount': 800}
2026-02-03 12:56:51 [link2chrome] INFO: 操作执行 [browser_action_scroll]: 已向下滚动 800 像素
2026-02-03 12:56:54 [link2chrome] INFO: 调用工具: browser_extract_content, 参数: {'save_path': '/Users/zhangyu/PycharmProjects/Link2Chrome/test/twitter_vista8_page9.md'}
2026-02-03 12:56:54 [link2chrome] INFO: 操作执行 [browser_extract_content]: 已保存到: /Users/zhangyu/PycharmProjects/Link2Chrome/test/twitter_vista8_page9.md
2026-02-03 12:56:57 [link2chrome] INFO: 调用工具: browser_action_scroll, 参数: {'direction': 'down', 'amount': 800}
2026-02-03 12:56:57 [link2chrome] INFO: 操作执行 [browser_action_scroll]: 已向下滚动 800 像素
2026-02-03 12:56:59 [link2chrome] INFO: 调用工具: browser_extract_content, 参数: {'save_path': '/Users/zhangyu/PycharmProjects/Link2Chrome/test/twitter_vista8_page10.md'}
2026-02-03 12:56:59 [link2chrome] INFO: 操作执行 [browser_extract_content]: 已保存到: /Users/zhangyu/PycharmProjects/Link2Chrome/test/twitter_vista8_page10.md
2026-02-03 12:57:02 [link2chrome] INFO: 调用工具: browser_action_scroll, 参数: {'direction': 'down', 'amount': 1000}
2026-02-03 12:57:02 [link2chrome] INFO: 操作执行 [browser_action_scroll]: 已向下滚动 1000 像素
2026-02-03 12:57:05 [link2chrome] INFO: 调用工具: browser_extract_content, 参数: {'save_path': '/Users/zhangyu/PycharmProjects/Link2Chrome/test/twitter_vista8_page11.md'}
2026-02-03 12:57:05 [link2chrome] INFO: 操作执行 [browser_extract_content]: 已保存到: /Users/zhangyu/PycharmProjects/Link2Chrome/test/twitter_vista8_page11.md
2026-02-03 12:57:07 [link2chrome] INFO: 调用工具: browser_action_scroll, 参数: {'direction': 'down', 'amount': 1000}
2026-02-03 12:57:07 [link2chrome] INFO: 操作执行 [browser_action_scroll]: 已向下滚动 1000 像素
2026-02-03 12:57:10 [link2chrome] INFO: 调用工具: browser_extract_content, 参数: {'save_path': '/Users/zhangyu/PycharmProjects/Link2Chrome/test/twitter_vista8_page12.md'}
2026-02-03 12:57:10 [link2chrome] INFO: 操作执行 [browser_extract_content]: 已保存到: /Users/zhangyu/PycharmProjects/Link2Chrome/test/twitter_vista8_page12.md
2026-02-03 12:57:12 [link2chrome] INFO: 调用工具: browser_action_scroll, 参数: {'direction': 'down', 'amount': 1000}
2026-02-03 12:57:12 [link2chrome] INFO: 操作执行 [browser_action_scroll]: 已向下滚动 1000 像素
2026-02-03 12:57:15 [link2chrome] INFO: 调用工具: browser_extract_content, 参数: {'save_path': '/Users/zhangyu/PycharmProjects/Link2Chrome/test/twitter_vista8_page13.md'}
2026-02-03 12:57:15 [link2chrome] INFO: 操作执行 [browser_extract_content]: 已保存到: /Users/zhangyu/PycharmProjects/Link2Chrome/test/twitter_vista8_page13.md
2026-02-03 12:57:18 [link2chrome] INFO: 调用工具: browser_action_scroll, 参数: {'direction': 'down', 'amount': 1200}
2026-02-03 12:57:18 [link2chrome] INFO: 操作执行 [browser_action_scroll]: 已向下滚动 1200 像素
2026-02-03 12:57:20 [link2chrome] INFO: 调用工具: browser_extract_content, 参数: {'save_path': '/Users/zhangyu/PycharmProjects/Link2Chrome/test/twitter_vista8_page14.md'}
2026-02-03 12:57:20 [link2chrome] INFO: 操作执行 [browser_extract_content]: 已保存到: /Users/zhangyu/PycharmProjects/Link2Chrome/test/twitter_vista8_page14.md
2026-02-03 12:57:23 [link2chrome] INFO: 调用工具: browser_action_scroll, 参数: {'direction': 'down', 'amount': 1200}
2026-02-03 12:57:23 [link2chrome] INFO: 操作执行 [browser_action_scroll]: 已向下滚动 1200 像素
2026-02-03 12:57:26 [link2chrome] INFO: 调用工具: browser_extract_content, 参数: {'save_path': '/Users/zhangyu/PycharmProjects/Link2Chrome/test/twitter_vista8_page15.md'}
2026-02-03 12:57:26 [link2chrome] INFO: 操作执行 [browser_extract_content]: 已保存到: /Users/zhangyu/PycharmProjects/Link2Chrome/test/twitter_vista8_page15.md
2026-02-03 12:57:29 [link2chrome] INFO: 调用工具: browser_action_scroll, 参数: {'direction': 'down', 'amount': 1500}
2026-02-03 12:57:29 [link2chrome] INFO: 操作执行 [browser_action_scroll]: 已向下滚动 1500 像素
2026-02-03 12:57:32 [link2chrome] INFO: 调用工具: browser_extract_content, 参数: {'save_path': '/Users/zhangyu/PycharmProjects/Link2Chrome/test/twitter_vista8_page16.md'}
2026-02-03 12:57:32 [link2chrome] INFO: 操作执行 [browser_extract_content]: 已保存到: /Users/zhangyu/PycharmProjects/Link2Chrome/test/twitter_vista8_page16.md
2026-02-03 12:57:34 [link2chrome] INFO: 调用工具: browser_action_scroll, 参数: {'direction': 'down', 'amount': 1500}
2026-02-03 12:57:34 [link2chrome] INFO: 操作执行 [browser_action_scroll]: 已向下滚动 1500 像素
2026-02-03 12:57:36 [link2chrome] INFO: 调用工具: browser_extract_content, 参数: {'save_path': '/Users/zhangyu/PycharmProjects/Link2Chrome/test/twitter_vista8_page17.md'}
2026-02-03 12:57:37 [link2chrome] INFO: 操作执行 [browser_extract_content]: 已保存到: /Users/zhangyu/PycharmProjects/Link2Chrome/test/twitter_vista8_page17.md
2026-02-03 12:57:39 [link2chrome] INFO: 调用工具: browser_action_scroll, 参数: {'direction': 'down', 'amount': 1500}
2026-02-03 12:57:39 [link2chrome] INFO: 操作执行 [browser_action_scroll]: 已向下滚动 1500 像素
2026-02-03 12:57:42 [link2chrome] INFO: 调用工具: browser_extract_content, 参数: {'save_path': '/Users/zhangyu/PycharmProjects/Link2Chrome/test/twitter_vista8_page18.md'}
2026-02-03 12:57:42 [link2chrome] INFO: 操作执行 [browser_extract_content]: 已保存到: /Users/zhangyu/PycharmProjects/Link2Chrome/test/twitter_vista8_page18.md
2026-02-03 12:57:44 [link2chrome] INFO: 调用工具: browser_action_scroll, 参数: {'direction': 'down', 'amount': 1500}
2026-02-03 12:57:44 [link2chrome] INFO: 操作执行 [browser_action_scroll]: 已向下滚动 1500 像素
2026-02-03 12:57:47 [link2chrome] INFO: 调用工具: browser_extract_content, 参数: {'save_path': '/Users/zhangyu/PycharmProjects/Link2Chrome/test/twitter_vista8_page19.md'}
2026-02-03 12:57:47 [link2chrome] INFO: 操作执行 [browser_extract_content]: 已保存到: /Users/zhangyu/PycharmProjects/Link2Chrome/test/twitter_vista8_page19.md
2026-02-03 12:57:49 [link2chrome] INFO: 调用工具: browser_action_scroll, 参数: {'direction': 'down', 'amount': 2000}
2026-02-03 12:57:49 [link2chrome] INFO: 操作执行 [browser_action_scroll]: 已向下滚动 2000 像素
2026-02-03 12:57:53 [link2chrome] INFO: 调用工具: browser_extract_content, 参数: {'save_path': '/Users/zhangyu/PycharmProjects/Link2Chrome/test/twitter_vista8_page20.md'}
2026-02-03 12:57:53 [link2chrome] INFO: 操作执行 [browser_extract_content]: 已保存到: /Users/zhangyu/PycharmProjects/Link2Chrome/test/twitter_vista8_page20.md
2026-02-03 12:57:55 [link2chrome] INFO: 调用工具: browser_action_scroll, 参数: {'direction': 'down', 'amount': 2000}
2026-02-03 12:57:55 [link2chrome] INFO: 操作执行 [browser_action_scroll]: 已向下滚动 2000 像素
2026-02-03 12:57:58 [link2chrome] INFO: 调用工具: browser_extract_content, 参数: {'save_path': '/Users/zhangyu/PycharmProjects/Link2Chrome/test/twitter_vista8_page21.md'}
2026-02-03 12:57:58 [link2chrome] INFO: 操作执行 [browser_extract_content]: 已保存到: /Users/zhangyu/PycharmProjects/Link2Chrome/test/twitter_vista8_page21.md
2026-02-03 12:58:00 [link2chrome] INFO: 调用工具: browser_action_scroll, 参数: {'direction': 'down', 'amount': 2000}
2026-02-03 12:58:00 [link2chrome] INFO: 操作执行 [browser_action_scroll]: 已向下滚动 2000 像素
2026-02-03 12:58:02 [link2chrome] INFO: 调用工具: browser_extract_content, 参数: {'save_path': '/Users/zhangyu/PycharmProjects/Link2Chrome/test/twitter_vista8_page22.md'}
2026-02-03 12:58:02 [link2chrome] INFO: 操作执行 [browser_extract_content]: 已保存到: /Users/zhangyu/PycharmProjects/Link2Chrome/test/twitter_vista8_page22.md
2026-02-03 12:58:05 [link2chrome] INFO: 调用工具: browser_action_scroll, 参数: {'direction': 'down', 'amount': 2000}
2026-02-03 12:58:05 [link2chrome] INFO: 操作执行 [browser_action_scroll]: 已向下滚动 2000 像素
2026-02-03 12:58:08 [link2chrome] INFO: 调用工具: browser_extract_content, 参数: {'save_path': '/Users/zhangyu/PycharmProjects/Link2Chrome/test/twitter_vista8_page23.md'}
2026-02-03 12:58:08 [link2chrome] INFO: 操作执行 [browser_extract_content]: 已保存到: /Users/zhangyu/PycharmProjects/Link2Chrome/test/twitter_vista8_page23.md
2026-02-03 12:58:11 [link2chrome] INFO: 调用工具: browser_action_scroll, 参数: {'direction': 'down', 'amount': 2000}
2026-02-03 12:58:11 [link2chrome] INFO: 操作执行 [browser_action_scroll]: 已向下滚动 2000 像素
2026-02-03 12:58:14 [link2chrome] INFO: 调用工具: browser_extract_content, 参数: {'save_path': '/Users/zhangyu/PycharmProjects/Link2Chrome/test/twitter_vista8_page24.md'}
2026-02-03 12:58:14 [link2chrome] INFO: 操作执行 [browser_extract_content]: 已保存到: /Users/zhangyu/PycharmProjects/Link2Chrome/test/twitter_vista8_page24.md
2026-02-03 12:58:17 [link2chrome] INFO: 调用工具: browser_action_scroll, 参数: {'direction': 'down', 'amount': 2000}
2026-02-03 12:58:17 [link2chrome] INFO: 操作执行 [browser_action_scroll]: 已向下滚动 2000 像素
2026-02-03 12:58:19 [link2chrome] INFO: 调用工具: browser_extract_content, 参数: {'save_path': '/Users/zhangyu/PycharmProjects/Link2Chrome/test/twitter_vista8_page25.md'}
2026-02-03 12:58:19 [link2chrome] INFO: 操作执行 [browser_extract_content]: 已保存到: /Users/zhangyu/PycharmProjects/Link2Chrome/test/twitter_vista8_page25.md
2026-02-03 12:59:14 [link2chrome] INFO: 调用工具: browser_action_scroll, 参数: {'direction': 'down', 'amount': 3000}
2026-02-03 12:59:14 [link2chrome] INFO: 操作执行 [browser_action_scroll]: 已向下滚动 3000 像素
2026-02-03 12:59:20 [link2chrome] INFO: 调用工具: browser_extract_content, 参数: {'save_path': '/Users/zhangyu/PycharmProjects/Link2Chrome/test/twitter_vista8_page26.md'}
2026-02-03 12:59:20 [link2chrome] INFO: 操作执行 [browser_extract_content]: 已保存到: /Users/zhangyu/PycharmProjects/Link2Chrome/test/twitter_vista8_page26.md
2026-02-03 13:00:09 [link2chrome] INFO: 调用工具: browser_action_navigate, 参数: {'url': 'https://x.com/vista8'}
2026-02-03 13:00:09 [link2chrome] INFO: 操作执行 [browser_action_navigate]: 已导航到: https://x.com/vista8 (状态: complete)
2026-02-03 13:00:12 [link2chrome] INFO: 调用工具: browser_get_state, 参数: {'include_dom': True, 'include_screenshot': True}
2026-02-03 13:00:12 [link2chrome] ERROR: Tool browser_get_state 执行异常
Traceback (most recent call last):
  File "/Users/zhangyu/PycharmProjects/Link2Chrome/server/main.py", line 336, in call_tool
    result = await tool_get_state(arguments)
             ^^^^^^^^^^^^^^^^^^^^^^^^^^^^^^^
  File "/Users/zhangyu/PycharmProjects/Link2Chrome/server/main.py", line 412, in tool_get_state
    info = await ws_manager.send_command("get_info")
           ^^^^^^^^^^^^^^^^^^^^^^^^^^^^^^^^^^^^^^^^^
  File "/Users/zhangyu/PycharmProjects/Link2Chrome/server/ws_manager.py", line 105, in send_command
    raise RuntimeError(
RuntimeError: Extension 执行失败: Debugger attach 失败 (tab=1827095886, url=https://x.com/vista8): Another debugger is already attached to the tab with id: 1827095886.
2026-02-03 13:00:12 [link2chrome] ERROR: 操作失败 [browser_get_state]: 执行出错: Extension 执行失败: Debugger attach 失败 (tab=1827095886, url=https://x.com/vista8): Another debugger is already attached to the tab with id: 1827095886.
2026-02-03 13:00:14 [link2chrome] INFO: 调用工具: browser_diagnose, 参数: {}
2026-02-03 13:00:14 [link2chrome] INFO: 操作执行 [browser_diagnose]: === Link2Chrome 诊断 ===
2026-02-03 13:00:15 [link2chrome] INFO: 调用工具: browser_get_tabs, 参数: {}
2026-02-03 13:00:15 [link2chrome] INFO: 操作执行 [browser_get_tabs]: 共 2 个标签页，1 个窗口:
2026-02-03 13:00:18 [link2chrome] INFO: 调用工具: browser_get_state, 参数: {'include_dom': True, 'include_screenshot': True}
2026-02-03 13:00:18 [link2chrome] ERROR: Tool browser_get_state 执行异常
Traceback (most recent call last):
  File "/Users/zhangyu/PycharmProjects/Link2Chrome/server/main.py", line 336, in call_tool
    result = await tool_get_state(arguments)
             ^^^^^^^^^^^^^^^^^^^^^^^^^^^^^^^
  File "/Users/zhangyu/PycharmProjects/Link2Chrome/server/main.py", line 412, in tool_get_state
    info = await ws_manager.send_command("get_info")
           ^^^^^^^^^^^^^^^^^^^^^^^^^^^^^^^^^^^^^^^^^
  File "/Users/zhangyu/PycharmProjects/Link2Chrome/server/ws_manager.py", line 105, in send_command
    raise RuntimeError(
RuntimeError: Extension 执行失败: Debugger attach 失败 (tab=1827095886, url=https://x.com/vista8): Another debugger is already attached to the tab with id: 1827095886.
2026-02-03 13:00:18 [link2chrome] ERROR: 操作失败 [browser_get_state]: 执行出错: Extension 执行失败: Debugger attach 失败 (tab=1827095886, url=https://x.com/vista8): Another debugger is already attached to the tab with id: 1827095886.
2026-02-03 13:00:20 [link2chrome] INFO: 调用工具: browser_manage_tab, 参数: {'action': 'close', 'tab_index': 1}
2026-02-03 13:00:20 [link2chrome] INFO: 操作执行 [browser_manage_tab]: 已关闭标签页
2026-02-03 13:00:22 [link2chrome] INFO: 调用工具: browser_manage_tab, 参数: {'action': 'new', 'url': 'https://x.com/vista8'}
2026-02-03 13:00:23 [link2chrome] INFO: 操作执行 [browser_manage_tab]: 已创建新标签页 (ID: 1827095888)
2026-02-03 13:00:25 [link2chrome] INFO: 调用工具: browser_wait, 参数: {'seconds': 3}
2026-02-03 13:00:28 [link2chrome] INFO: 操作执行 [browser_wait]: 已等待 3 秒
2026-02-03 13:00:29 [link2chrome] INFO: 调用工具: browser_get_state, 参数: {'include_dom': True, 'include_screenshot': True}
2026-02-03 13:00:30 [link2chrome] INFO: 操作执行 [browser_get_state]: URL: https://x.com/vista8 | [图片] | DOM 结构:
2026-02-03 13:00:37 [link2chrome] INFO: 调用工具: browser_extract_content, 参数: {'save_path': '/Users/zhangyu/PycharmProjects/Link2Chrome/test/twitter_vista8_page1.md'}
2026-02-03 13:00:37 [link2chrome] INFO: 操作执行 [browser_extract_content]: 已保存到: /Users/zhangyu/PycharmProjects/Link2Chrome/test/twitter_vista8_page1.md
2026-02-03 13:00:40 [link2chrome] INFO: 调用工具: browser_action_scroll, 参数: {'direction': 'down', 'amount': 800}
2026-02-03 13:00:40 [link2chrome] INFO: 操作执行 [browser_action_scroll]: 已向下滚动 800 像素
2026-02-03 13:00:42 [link2chrome] INFO: 调用工具: browser_wait, 参数: {'seconds': 2}
2026-02-03 13:00:44 [link2chrome] INFO: 操作执行 [browser_wait]: 已等待 2 秒
2026-02-03 13:00:47 [link2chrome] INFO: 调用工具: browser_get_state, 参数: {'include_screenshot': True, 'include_dom': True}
2026-02-03 13:00:47 [link2chrome] INFO: 操作执行 [browser_get_state]: URL: https://x.com/vista8 | [图片] | DOM 结构:
2026-02-03 13:00:52 [link2chrome] INFO: 调用工具: browser_extract_content, 参数: {'save_path': '/Users/zhangyu/PycharmProjects/Link2Chrome/test/twitter_vista8_page2.md'}
2026-02-03 13:00:52 [link2chrome] INFO: 操作执行 [browser_extract_content]: 已保存到: /Users/zhangyu/PycharmProjects/Link2Chrome/test/twitter_vista8_page2.md
2026-02-03 13:00:55 [link2chrome] INFO: 调用工具: browser_action_scroll, 参数: {'direction': 'down', 'amount': 800}
2026-02-03 13:00:55 [link2chrome] INFO: 操作执行 [browser_action_scroll]: 已向下滚动 800 像素
2026-02-03 13:00:58 [link2chrome] INFO: 调用工具: browser_wait, 参数: {'seconds': 2}
2026-02-03 13:01:00 [link2chrome] INFO: 操作执行 [browser_wait]: 已等待 2 秒
2026-02-03 13:01:06 [link2chrome] INFO: 调用工具: browser_get_state, 参数: {'include_dom': True, 'include_screenshot': True}
2026-02-03 13:01:06 [link2chrome] INFO: 操作执行 [browser_get_state]: URL: https://x.com/vista8 | [图片] | DOM 结构:
2026-02-03 13:01:14 [link2chrome] INFO: 调用工具: browser_extract_content, 参数: {'save_path': '/Users/zhangyu/PycharmProjects/Link2Chrome/test/twitter_vista8_page3.md'}
2026-02-03 13:01:14 [link2chrome] INFO: 操作执行 [browser_extract_content]: 已保存到: /Users/zhangyu/PycharmProjects/Link2Chrome/test/twitter_vista8_page3.md
2026-02-03 13:01:18 [link2chrome] INFO: 调用工具: browser_action_scroll, 参数: {'direction': 'down', 'amount': 800}
2026-02-03 13:01:18 [link2chrome] INFO: 操作执行 [browser_action_scroll]: 已向下滚动 800 像素
2026-02-03 13:01:25 [link2chrome] INFO: 调用工具: browser_wait, 参数: {'seconds': 2}
2026-02-03 13:01:27 [link2chrome] INFO: 操作执行 [browser_wait]: 已等待 2 秒
2026-02-03 13:01:30 [link2chrome] INFO: 调用工具: browser_get_state, 参数: {'include_dom': True, 'include_screenshot': True}
2026-02-03 13:01:31 [link2chrome] INFO: 操作执行 [browser_get_state]: URL: https://x.com/vista8 | [图片] | DOM 结构:
2026-02-03 13:01:38 [link2chrome] INFO: 调用工具: browser_extract_content, 参数: {'save_path': '/Users/zhangyu/PycharmProjects/Link2Chrome/test/twitter_vista8_page4.md'}
2026-02-03 13:01:38 [link2chrome] INFO: 操作执行 [browser_extract_content]: 已保存到: /Users/zhangyu/PycharmProjects/Link2Chrome/test/twitter_vista8_page4.md
2026-02-03 13:01:42 [link2chrome] INFO: 调用工具: browser_action_scroll, 参数: {'direction': 'down', 'amount': 800}
2026-02-03 13:01:42 [link2chrome] INFO: 操作执行 [browser_action_scroll]: 已向下滚动 800 像素
2026-02-03 13:01:46 [link2chrome] INFO: 调用工具: browser_wait, 参数: {'seconds': 2}
2026-02-03 13:01:48 [link2chrome] INFO: 操作执行 [browser_wait]: 已等待 2 秒
2026-02-03 13:01:52 [link2chrome] INFO: 调用工具: browser_get_state, 参数: {'include_dom': True, 'include_screenshot': True}
2026-02-03 13:01:52 [link2chrome] INFO: 操作执行 [browser_get_state]: URL: https://x.com/vista8 | [图片] | DOM 结构:
2026-02-03 13:02:02 [link2chrome] INFO: 调用工具: browser_extract_content, 参数: {'save_path': '/Users/zhangyu/PycharmProjects/Link2Chrome/test/twitter_vista8_page5.md'}
2026-02-03 13:02:02 [link2chrome] INFO: 操作执行 [browser_extract_content]: 已保存到: /Users/zhangyu/PycharmProjects/Link2Chrome/test/twitter_vista8_page5.md
2026-02-03 13:02:06 [link2chrome] INFO: 调用工具: browser_action_scroll, 参数: {'direction': 'down', 'amount': 800}
2026-02-03 13:02:06 [link2chrome] INFO: 操作执行 [browser_action_scroll]: 已向下滚动 800 像素
2026-02-03 13:02:12 [link2chrome] INFO: 调用工具: browser_wait, 参数: {'seconds': 2}
2026-02-03 13:02:14 [link2chrome] INFO: 操作执行 [browser_wait]: 已等待 2 秒
2026-02-03 13:02:18 [link2chrome] INFO: 调用工具: browser_get_state, 参数: {'include_dom': True, 'include_screenshot': True}
2026-02-03 13:02:18 [link2chrome] INFO: 操作执行 [browser_get_state]: URL: https://x.com/vista8 | [图片] | DOM 结构:
2026-02-03 13:02:25 [link2chrome] INFO: 调用工具: browser_extract_content, 参数: {'save_path': '/Users/zhangyu/PycharmProjects/Link2Chrome/test/twitter_vista8_page6.md'}
2026-02-03 13:02:25 [link2chrome] INFO: 操作执行 [browser_extract_content]: 已保存到: /Users/zhangyu/PycharmProjects/Link2Chrome/test/twitter_vista8_page6.md
2026-02-03 13:02:30 [link2chrome] INFO: 调用工具: browser_action_scroll, 参数: {'direction': 'down', 'amount': 800}
2026-02-03 13:02:30 [link2chrome] INFO: 操作执行 [browser_action_scroll]: 已向下滚动 800 像素
2026-02-03 13:02:36 [link2chrome] INFO: 调用工具: browser_wait, 参数: {'seconds': 2}
2026-02-03 13:02:38 [link2chrome] INFO: 操作执行 [browser_wait]: 已等待 2 秒
2026-02-03 13:02:43 [link2chrome] INFO: 调用工具: browser_get_state, 参数: {'include_dom': True, 'include_screenshot': True}
2026-02-03 13:02:43 [link2chrome] INFO: 操作执行 [browser_get_state]: URL: https://x.com/vista8 | [图片] | DOM 结构:
2026-02-03 13:02:50 [link2chrome] INFO: 调用工具: browser_extract_content, 参数: {'save_path': '/Users/zhangyu/PycharmProjects/Link2Chrome/test/twitter_vista8_page7.md'}
2026-02-03 13:02:50 [link2chrome] INFO: 操作执行 [browser_extract_content]: 已保存到: /Users/zhangyu/PycharmProjects/Link2Chrome/test/twitter_vista8_page7.md
2026-02-03 13:02:55 [link2chrome] INFO: 调用工具: browser_action_scroll, 参数: {'direction': 'down', 'amount': 800}
2026-02-03 13:02:55 [link2chrome] INFO: 操作执行 [browser_action_scroll]: 已向下滚动 800 像素
2026-02-03 13:03:04 [link2chrome] INFO: 调用工具: browser_wait, 参数: {'seconds': 2}
2026-02-03 13:03:06 [link2chrome] INFO: 操作执行 [browser_wait]: 已等待 2 秒
2026-02-03 13:03:13 [link2chrome] INFO: 调用工具: browser_get_state, 参数: {'include_dom': True, 'include_screenshot': True}
2026-02-03 13:03:13 [link2chrome] INFO: 操作执行 [browser_get_state]: URL: https://x.com/vista8 | [图片] | DOM 结构:
2026-02-03 13:03:23 [link2chrome] INFO: 调用工具: browser_extract_content, 参数: {'save_path': '/Users/zhangyu/PycharmProjects/Link2Chrome/test/twitter_vista8_page8.md'}
2026-02-03 13:03:23 [link2chrome] INFO: 操作执行 [browser_extract_content]: 已保存到: /Users/zhangyu/PycharmProjects/Link2Chrome/test/twitter_vista8_page8.md
2026-02-03 13:03:31 [link2chrome] INFO: 调用工具: browser_action_scroll, 参数: {'direction': 'down', 'amount': 800}
2026-02-03 13:03:31 [link2chrome] INFO: 操作执行 [browser_action_scroll]: 已向下滚动 800 像素
2026-02-03 13:03:37 [link2chrome] INFO: 调用工具: browser_wait, 参数: {'seconds': 2}
2026-02-03 13:03:39 [link2chrome] INFO: 操作执行 [browser_wait]: 已等待 2 秒
2026-02-03 13:03:44 [link2chrome] INFO: 调用工具: browser_get_state, 参数: {'include_dom': True, 'include_screenshot': True}
2026-02-03 13:03:45 [link2chrome] INFO: 操作执行 [browser_get_state]: URL: https://x.com/vista8 | [图片] | DOM 结构:
2026-02-03 13:03:56 [link2chrome] INFO: 调用工具: browser_extract_content, 参数: {'save_path': '/Users/zhangyu/PycharmProjects/Link2Chrome/test/twitter_vista8_page9.md'}
2026-02-03 13:03:56 [link2chrome] INFO: 操作执行 [browser_extract_content]: 已保存到: /Users/zhangyu/PycharmProjects/Link2Chrome/test/twitter_vista8_page9.md
2026-02-03 13:50:44 [link2chrome] INFO: ============================================================
2026-02-03 13:50:44 [link2chrome] INFO: Link2Chrome 日志系统已启动
2026-02-03 13:50:44 [link2chrome] INFO: 日志目录: /Users/zhangyu/PycharmProjects/Link2Chrome/logs
2026-02-03 13:50:44 [link2chrome] INFO: 主日志文件: /Users/zhangyu/PycharmProjects/Link2Chrome/logs/link2chrome_2026-02-03.log
2026-02-03 13:50:44 [link2chrome] INFO: 错误日志文件: /Users/zhangyu/PycharmProjects/Link2Chrome/logs/link2chrome_error_2026-02-03.log
2026-02-03 13:50:44 [link2chrome] INFO: 日志级别: INFO
2026-02-03 13:50:44 [link2chrome] INFO: ============================================================
2026-02-03 13:50:44 [link2chrome.ws] INFO: WebSocket Server 已启动: ws://localhost:8765
2026-02-03 13:50:44 [link2chrome] INFO: 等待 Chrome Extension 连接...
2026-02-03 13:50:47 [link2chrome.ws] INFO: Chrome Extension 已连接: ('::1', 60723, 0, 0)
2026-02-03 13:51:23 [link2chrome] INFO: 调用工具: browser_action_navigate, 参数: {'url': 'https://x.com/vista8'}
2026-02-03 13:51:25 [link2chrome] INFO: 操作执行 [browser_action_navigate]: 已导航到: https://x.com/vista8 (状态: complete)
2026-02-03 13:51:27 [link2chrome] INFO: 调用工具: browser_get_state, 参数: {'include_screenshot': True, 'include_dom': True}
2026-02-03 13:51:27 [link2chrome] INFO: 操作执行 [browser_get_state]: URL: https://x.com/vista8 | [图片] | DOM 结构:
2026-02-03 13:51:29 [link2chrome] INFO: 调用工具: browser_action_scroll, 参数: {'direction': 'down', 'amount': 800}
2026-02-03 13:51:29 [link2chrome] INFO: 操作执行 [browser_action_scroll]: 已向下滚动 800 像素
2026-02-03 13:51:31 [link2chrome] INFO: 调用工具: browser_get_state, 参数: {'include_screenshot': True, 'include_dom': True}
2026-02-03 13:51:31 [link2chrome] INFO: 操作执行 [browser_get_state]: URL: https://x.com/vista8 | [图片] | DOM 结构:
2026-02-03 13:51:33 [link2chrome] INFO: 调用工具: browser_extract_content, 参数: {}
2026-02-03 13:51:33 [link2chrome] INFO: 操作执行 [browser_extract_content]: # 向阳乔木 (@vista8) / X
2026-02-03 13:51:35 [link2chrome] INFO: 调用工具: browser_action_scroll, 参数: {'direction': 'down', 'amount': 1000}
2026-02-03 13:51:35 [link2chrome] INFO: 操作执行 [browser_action_scroll]: 已向下滚动 1000 像素
2026-02-03 13:51:37 [link2chrome] INFO: 调用工具: browser_get_state, 参数: {'include_dom': True, 'include_screenshot': True}
2026-02-03 13:51:37 [link2chrome] INFO: 操作执行 [browser_get_state]: URL: https://x.com/vista8 | [图片] | DOM 结构:
2026-02-03 13:51:40 [link2chrome] INFO: 调用工具: browser_action_scroll, 参数: {'amount': 1000, 'direction': 'down'}
2026-02-03 13:51:40 [link2chrome] INFO: 操作执行 [browser_action_scroll]: 已向下滚动 1000 像素
2026-02-03 13:51:41 [link2chrome] INFO: 调用工具: browser_action_scroll, 参数: {'amount': 1000, 'direction': 'down'}
2026-02-03 13:51:41 [link2chrome] INFO: 操作执行 [browser_action_scroll]: 已向下滚动 1000 像素
2026-02-03 13:51:43 [link2chrome] INFO: 调用工具: browser_action_scroll, 参数: {'amount': 1000, 'direction': 'down'}
2026-02-03 13:51:43 [link2chrome] INFO: 操作执行 [browser_action_scroll]: 已向下滚动 1000 像素
2026-02-03 13:51:44 [link2chrome] INFO: 调用工具: browser_extract_content, 参数: {}
2026-02-03 13:51:44 [link2chrome] INFO: 操作执行 [browser_extract_content]: # 向阳乔木 (@vista8) / X
2026-02-03 13:51:46 [link2chrome] INFO: 调用工具: browser_action_scroll, 参数: {'amount': 1000, 'direction': 'down'}
2026-02-03 13:51:46 [link2chrome] INFO: 操作执行 [browser_action_scroll]: 已向下滚动 1000 像素
2026-02-03 13:51:48 [link2chrome] INFO: 调用工具: browser_action_scroll, 参数: {'amount': 1000, 'direction': 'down'}
2026-02-03 13:51:48 [link2chrome] INFO: 操作执行 [browser_action_scroll]: 已向下滚动 1000 像素
2026-02-03 13:51:49 [link2chrome] INFO: 调用工具: browser_action_scroll, 参数: {'amount': 1000, 'direction': 'down'}
2026-02-03 13:51:49 [link2chrome] INFO: 操作执行 [browser_action_scroll]: 已向下滚动 1000 像素
2026-02-03 13:51:51 [link2chrome] INFO: 调用工具: browser_extract_content, 参数: {}
2026-02-03 13:51:51 [link2chrome] INFO: 操作执行 [browser_extract_content]: # 向阳乔木 (@vista8) / X
2026-02-03 13:51:53 [link2chrome] INFO: 调用工具: browser_action_scroll, 参数: {'amount': 1000, 'direction': 'down'}
2026-02-03 13:51:53 [link2chrome] INFO: 操作执行 [browser_action_scroll]: 已向下滚动 1000 像素
2026-02-03 13:51:55 [link2chrome] INFO: 调用工具: browser_action_scroll, 参数: {'amount': 1000, 'direction': 'down'}
2026-02-03 13:51:55 [link2chrome] INFO: 操作执行 [browser_action_scroll]: 已向下滚动 1000 像素
2026-02-03 13:51:56 [link2chrome] INFO: 调用工具: browser_action_scroll, 参数: {'amount': 1000, 'direction': 'down'}
2026-02-03 13:51:56 [link2chrome] INFO: 操作执行 [browser_action_scroll]: 已向下滚动 1000 像素
2026-02-03 13:51:58 [link2chrome] INFO: 调用工具: browser_action_scroll, 参数: {'amount': 1000, 'direction': 'down'}
2026-02-03 13:51:58 [link2chrome] INFO: 操作执行 [browser_action_scroll]: 已向下滚动 1000 像素
2026-02-03 13:51:59 [link2chrome] INFO: 调用工具: browser_extract_content, 参数: {}
2026-02-03 13:51:59 [link2chrome] INFO: 操作执行 [browser_extract_content]: # 向阳乔木 (@vista8) / X
2026-02-03 13:52:01 [link2chrome] INFO: 调用工具: browser_action_scroll, 参数: {'amount': 1000, 'direction': 'down'}
2026-02-03 13:52:01 [link2chrome] INFO: 操作执行 [browser_action_scroll]: 已向下滚动 1000 像素
2026-02-03 13:52:03 [link2chrome] INFO: 调用工具: browser_action_scroll, 参数: {'amount': 1000, 'direction': 'down'}
2026-02-03 13:52:03 [link2chrome] INFO: 操作执行 [browser_action_scroll]: 已向下滚动 1000 像素
2026-02-03 13:52:05 [link2chrome] INFO: 调用工具: browser_action_scroll, 参数: {'amount': 1000, 'direction': 'down'}
2026-02-03 13:52:05 [link2chrome] INFO: 操作执行 [browser_action_scroll]: 已向下滚动 1000 像素
2026-02-03 13:52:06 [link2chrome] INFO: 调用工具: browser_action_scroll, 参数: {'amount': 1000, 'direction': 'down'}
2026-02-03 13:52:06 [link2chrome] INFO: 操作执行 [browser_action_scroll]: 已向下滚动 1000 像素
2026-02-03 13:52:08 [link2chrome] INFO: 调用工具: browser_extract_content, 参数: {}
2026-02-03 13:52:08 [link2chrome] INFO: 操作执行 [browser_extract_content]: # 向阳乔木 (@vista8) / X
2026-02-03 13:52:11 [link2chrome] INFO: 调用工具: browser_action_scroll, 参数: {'amount': 1000, 'direction': 'down'}
2026-02-03 13:52:11 [link2chrome] INFO: 操作执行 [browser_action_scroll]: 已向下滚动 1000 像素
2026-02-03 13:52:13 [link2chrome] INFO: 调用工具: browser_action_scroll, 参数: {'amount': 1000, 'direction': 'down'}
2026-02-03 13:52:13 [link2chrome] INFO: 操作执行 [browser_action_scroll]: 已向下滚动 1000 像素
2026-02-03 13:52:14 [link2chrome] INFO: 调用工具: browser_action_scroll, 参数: {'amount': 1000, 'direction': 'down'}
2026-02-03 13:52:14 [link2chrome] INFO: 操作执行 [browser_action_scroll]: 已向下滚动 1000 像素
2026-02-03 13:52:16 [link2chrome] INFO: 调用工具: browser_action_scroll, 参数: {'amount': 1000, 'direction': 'down'}
2026-02-03 13:52:16 [link2chrome] INFO: 操作执行 [browser_action_scroll]: 已向下滚动 1000 像素
2026-02-03 13:52:17 [link2chrome] INFO: 调用工具: browser_action_scroll, 参数: {'amount': 1000, 'direction': 'down'}
2026-02-03 13:52:17 [link2chrome] INFO: 操作执行 [browser_action_scroll]: 已向下滚动 1000 像素
2026-02-03 13:52:19 [link2chrome] INFO: 调用工具: browser_extract_content, 参数: {}
2026-02-03 13:52:19 [link2chrome] INFO: 操作执行 [browser_extract_content]: # 向阳乔木 (@vista8) / X
2026-02-03 13:52:21 [link2chrome] INFO: 调用工具: browser_action_scroll, 参数: {'amount': 1000, 'direction': 'down'}
2026-02-03 13:52:21 [link2chrome] INFO: 操作执行 [browser_action_scroll]: 已向下滚动 1000 像素
2026-02-03 13:52:23 [link2chrome] INFO: 调用工具: browser_action_scroll, 参数: {'amount': 1000, 'direction': 'down'}
2026-02-03 13:52:23 [link2chrome] INFO: 操作执行 [browser_action_scroll]: 已向下滚动 1000 像素
2026-02-03 13:52:24 [link2chrome] INFO: 调用工具: browser_action_scroll, 参数: {'amount': 1000, 'direction': 'down'}
2026-02-03 13:52:24 [link2chrome] INFO: 操作执行 [browser_action_scroll]: 已向下滚动 1000 像素
2026-02-03 13:52:26 [link2chrome] INFO: 调用工具: browser_action_scroll, 参数: {'amount': 1000, 'direction': 'down'}
2026-02-03 13:52:26 [link2chrome] INFO: 操作执行 [browser_action_scroll]: 已向下滚动 1000 像素
2026-02-03 13:52:28 [link2chrome] INFO: 调用工具: browser_action_scroll, 参数: {'amount': 1000, 'direction': 'down'}
2026-02-03 13:52:28 [link2chrome] INFO: 操作执行 [browser_action_scroll]: 已向下滚动 1000 像素
2026-02-03 13:52:29 [link2chrome] INFO: 调用工具: browser_extract_content, 参数: {}
2026-02-03 13:52:29 [link2chrome] INFO: 操作执行 [browser_extract_content]: # 向阳乔木 (@vista8) / X
2026-02-03 13:52:31 [link2chrome] INFO: 调用工具: browser_action_scroll, 参数: {'amount': 1000, 'direction': 'down'}
2026-02-03 13:52:31 [link2chrome] INFO: 操作执行 [browser_action_scroll]: 已向下滚动 1000 像素
2026-02-03 13:52:33 [link2chrome] INFO: 调用工具: browser_action_scroll, 参数: {'amount': 1000, 'direction': 'down'}
2026-02-03 13:52:33 [link2chrome] INFO: 操作执行 [browser_action_scroll]: 已向下滚动 1000 像素
2026-02-03 13:52:35 [link2chrome] INFO: 调用工具: browser_action_scroll, 参数: {'amount': 1000, 'direction': 'down'}
2026-02-03 13:52:35 [link2chrome] INFO: 操作执行 [browser_action_scroll]: 已向下滚动 1000 像素
2026-02-03 13:52:37 [link2chrome] INFO: 调用工具: browser_action_scroll, 参数: {'amount': 1000, 'direction': 'down'}
2026-02-03 13:52:37 [link2chrome] INFO: 操作执行 [browser_action_scroll]: 已向下滚动 1000 像素
2026-02-03 13:52:38 [link2chrome] INFO: 调用工具: browser_extract_content, 参数: {}
2026-02-03 13:52:38 [link2chrome] INFO: 操作执行 [browser_extract_content]: # 向阳乔木 (@vista8) / X
2026-02-03 13:52:40 [link2chrome] INFO: 调用工具: browser_action_scroll, 参数: {'amount': 1000, 'direction': 'down'}
2026-02-03 13:52:40 [link2chrome] INFO: 操作执行 [browser_action_scroll]: 已向下滚动 1000 像素
2026-02-03 13:52:42 [link2chrome] INFO: 调用工具: browser_action_scroll, 参数: {'amount': 1000, 'direction': 'down'}
2026-02-03 13:52:42 [link2chrome] INFO: 操作执行 [browser_action_scroll]: 已向下滚动 1000 像素
2026-02-03 13:52:44 [link2chrome] INFO: 调用工具: browser_action_scroll, 参数: {'amount': 1000, 'direction': 'down'}
2026-02-03 13:52:44 [link2chrome] INFO: 操作执行 [browser_action_scroll]: 已向下滚动 1000 像素
2026-02-03 13:52:46 [link2chrome] INFO: 调用工具: browser_action_scroll, 参数: {'amount': 1000, 'direction': 'down'}
2026-02-03 13:52:46 [link2chrome] INFO: 操作执行 [browser_action_scroll]: 已向下滚动 1000 像素
2026-02-03 13:52:47 [link2chrome] INFO: 调用工具: browser_extract_content, 参数: {}
2026-02-03 13:52:47 [link2chrome] INFO: 操作执行 [browser_extract_content]: # 向阳乔木 (@vista8) / X
2026-02-03 13:52:50 [link2chrome] INFO: 调用工具: browser_action_scroll, 参数: {'amount': 1000, 'direction': 'down'}
2026-02-03 13:52:50 [link2chrome] INFO: 操作执行 [browser_action_scroll]: 已向下滚动 1000 像素
2026-02-03 13:52:51 [link2chrome] INFO: 调用工具: browser_action_scroll, 参数: {'amount': 1000, 'direction': 'down'}
2026-02-03 13:52:51 [link2chrome] INFO: 操作执行 [browser_action_scroll]: 已向下滚动 1000 像素
2026-02-03 13:52:53 [link2chrome] INFO: 调用工具: browser_action_scroll, 参数: {'amount': 1000, 'direction': 'down'}
2026-02-03 13:52:53 [link2chrome] INFO: 操作执行 [browser_action_scroll]: 已向下滚动 1000 像素
2026-02-03 13:52:55 [link2chrome] INFO: 调用工具: browser_action_scroll, 参数: {'amount': 1000, 'direction': 'down'}
2026-02-03 13:52:55 [link2chrome] INFO: 操作执行 [browser_action_scroll]: 已向下滚动 1000 像素
2026-02-03 13:52:57 [link2chrome] INFO: 调用工具: browser_action_scroll, 参数: {'amount': 1000, 'direction': 'down'}
2026-02-03 13:52:57 [link2chrome] INFO: 操作执行 [browser_action_scroll]: 已向下滚动 1000 像素
2026-02-03 13:52:59 [link2chrome] INFO: 调用工具: browser_action_scroll, 参数: {'amount': 1000, 'direction': 'down'}
2026-02-03 13:52:59 [link2chrome] INFO: 操作执行 [browser_action_scroll]: 已向下滚动 1000 像素
2026-02-03 13:53:00 [link2chrome] INFO: 调用工具: browser_extract_content, 参数: {}
2026-02-03 13:53:00 [link2chrome] INFO: 操作执行 [browser_extract_content]: # 向阳乔木 (@vista8) / X
2026-02-03 13:53:02 [link2chrome] INFO: 调用工具: browser_action_scroll, 参数: {'amount': 1000, 'direction': 'down'}
2026-02-03 13:53:02 [link2chrome] INFO: 操作执行 [browser_action_scroll]: 已向下滚动 1000 像素
2026-02-03 13:53:04 [link2chrome] INFO: 调用工具: browser_action_scroll, 参数: {'amount': 1000, 'direction': 'down'}
2026-02-03 13:53:04 [link2chrome] INFO: 操作执行 [browser_action_scroll]: 已向下滚动 1000 像素
2026-02-03 13:53:06 [link2chrome] INFO: 调用工具: browser_action_scroll, 参数: {'amount': 1000, 'direction': 'down'}
2026-02-03 13:53:06 [link2chrome] INFO: 操作执行 [browser_action_scroll]: 已向下滚动 1000 像素
2026-02-03 13:53:08 [link2chrome] INFO: 调用工具: browser_action_scroll, 参数: {'amount': 1000, 'direction': 'down'}
2026-02-03 13:53:08 [link2chrome] INFO: 操作执行 [browser_action_scroll]: 已向下滚动 1000 像素
2026-02-03 13:53:10 [link2chrome] INFO: 调用工具: browser_action_scroll, 参数: {'amount': 1000, 'direction': 'down'}
2026-02-03 13:53:10 [link2chrome] INFO: 操作执行 [browser_action_scroll]: 已向下滚动 1000 像素
2026-02-03 13:53:11 [link2chrome] INFO: 调用工具: browser_action_scroll, 参数: {'amount': 1000, 'direction': 'down'}
2026-02-03 13:53:11 [link2chrome] INFO: 操作执行 [browser_action_scroll]: 已向下滚动 1000 像素
2026-02-03 13:53:13 [link2chrome] INFO: 调用工具: browser_extract_content, 参数: {}
2026-02-03 13:53:13 [link2chrome] INFO: 操作执行 [browser_extract_content]: # 向阳乔木 (@vista8) / X
2026-02-03 13:53:15 [link2chrome] INFO: 调用工具: browser_action_scroll, 参数: {'amount': 1000, 'direction': 'down'}
2026-02-03 13:53:15 [link2chrome] INFO: 操作执行 [browser_action_scroll]: 已向下滚动 1000 像素
2026-02-03 13:53:17 [link2chrome] INFO: 调用工具: browser_action_scroll, 参数: {'amount': 1000, 'direction': 'down'}
2026-02-03 13:53:17 [link2chrome] INFO: 操作执行 [browser_action_scroll]: 已向下滚动 1000 像素
2026-02-03 13:53:19 [link2chrome] INFO: 调用工具: browser_action_scroll, 参数: {'amount': 1000, 'direction': 'down'}
2026-02-03 13:53:19 [link2chrome] INFO: 操作执行 [browser_action_scroll]: 已向下滚动 1000 像素
2026-02-03 13:53:20 [link2chrome] INFO: 调用工具: browser_action_scroll, 参数: {'amount': 1000, 'direction': 'down'}
2026-02-03 13:53:20 [link2chrome] INFO: 操作执行 [browser_action_scroll]: 已向下滚动 1000 像素
2026-02-03 13:53:22 [link2chrome] INFO: 调用工具: browser_extract_content, 参数: {}
2026-02-03 13:53:22 [link2chrome] INFO: 操作执行 [browser_extract_content]: # 向阳乔木 (@vista8) / X
2026-02-03 13:53:26 [link2chrome] INFO: 调用工具: browser_action_scroll, 参数: {'amount': 1000, 'direction': 'down'}
2026-02-03 13:53:26 [link2chrome] INFO: 操作执行 [browser_action_scroll]: 已向下滚动 1000 像素
2026-02-03 13:53:28 [link2chrome] INFO: 调用工具: browser_action_scroll, 参数: {'amount': 1000, 'direction': 'down'}
2026-02-03 13:53:28 [link2chrome] INFO: 操作执行 [browser_action_scroll]: 已向下滚动 1000 像素
2026-02-03 13:53:30 [link2chrome] INFO: 调用工具: browser_action_scroll, 参数: {'amount': 1000, 'direction': 'down'}
2026-02-03 13:53:30 [link2chrome] INFO: 操作执行 [browser_action_scroll]: 已向下滚动 1000 像素
2026-02-03 13:54:24 [link2chrome] INFO: ============================================================
2026-02-03 13:54:24 [link2chrome] INFO: Link2Chrome 日志系统已启动
2026-02-03 13:54:24 [link2chrome] INFO: 日志目录: /Users/zhangyu/PycharmProjects/Link2Chrome/logs
2026-02-03 13:54:24 [link2chrome] INFO: 主日志文件: /Users/zhangyu/PycharmProjects/Link2Chrome/logs/link2chrome_2026-02-03.log
2026-02-03 13:54:24 [link2chrome] INFO: 错误日志文件: /Users/zhangyu/PycharmProjects/Link2Chrome/logs/link2chrome_error_2026-02-03.log
2026-02-03 13:54:24 [link2chrome] INFO: 日志级别: INFO
2026-02-03 13:54:24 [link2chrome] INFO: ============================================================
2026-02-03 13:54:24 [link2chrome.ws] INFO: WebSocket Server 已启动: ws://localhost:8765
2026-02-03 13:54:24 [link2chrome] INFO: 等待 Chrome Extension 连接...
2026-02-03 13:54:36 [link2chrome] INFO: 调用工具: browser_action_navigate, 参数: {'url': 'https://x.com/vista8'}
2026-02-03 13:54:36 [link2chrome] ERROR: Tool browser_action_navigate 连接错误: Chrome Extension 未连接。请确保扩展已加载并启用。
2026-02-03 13:54:36 [link2chrome] ERROR: 操作失败 [browser_action_navigate]: 浏览器未连接: Chrome Extension 未连接。请确保扩展已加载并启用。
2026-02-03 13:54:41 [link2chrome] INFO: 调用工具: browser_diagnose, 参数: {}
2026-02-03 13:54:41 [link2chrome] INFO: 操作执行 [browser_diagnose]: === Link2Chrome 诊断 ===
2026-02-03 13:54:46 [link2chrome.ws] INFO: Chrome Extension 已连接: ('::1', 65462, 0, 0)
2026-02-03 13:55:40 [link2chrome] INFO: 调用工具: browser_action_navigate, 参数: {'url': 'https://x.com/vista8'}
2026-02-03 13:55:41 [link2chrome] INFO: 操作执行 [browser_action_navigate]: 已导航到: https://x.com/vista8 (状态: complete)
2026-02-03 13:55:43 [link2chrome] INFO: 调用工具: browser_wait, 参数: {'seconds': 3}
2026-02-03 13:55:46 [link2chrome] INFO: 操作执行 [browser_wait]: 已等待 3 秒
2026-02-03 13:55:48 [link2chrome] INFO: 调用工具: browser_get_state, 参数: {'include_dom': True, 'include_screenshot': True}
2026-02-03 13:55:48 [link2chrome] ERROR: Tool browser_get_state 执行异常
Traceback (most recent call last):
  File "/Users/zhangyu/PycharmProjects/Link2Chrome/server/main.py", line 336, in call_tool
    result = await tool_get_state(arguments)
             ^^^^^^^^^^^^^^^^^^^^^^^^^^^^^^^
  File "/Users/zhangyu/PycharmProjects/Link2Chrome/server/main.py", line 412, in tool_get_state
    info = await ws_manager.send_command("get_info")
           ^^^^^^^^^^^^^^^^^^^^^^^^^^^^^^^^^^^^^^^^^
  File "/Users/zhangyu/PycharmProjects/Link2Chrome/server/ws_manager.py", line 105, in send_command
    raise RuntimeError(
RuntimeError: Extension 执行失败: Debugger attach 失败 (tab=1827096032, url=https://x.com/vista8): Another debugger is already attached to the tab with id: 1827096032.
2026-02-03 13:55:48 [link2chrome] ERROR: 操作失败 [browser_get_state]: 执行出错: Extension 执行失败: Debugger attach 失败 (tab=1827096032, url=https://x.com/vista8): Another debugger is already attached to the tab with id: 1827096032.
